Assembly('Ribbon');
Type('Ribbon','Ribbon.Ribbon');
Assembly('IL2JS_Html');
Type('IL2JS_Html','Microsoft.LiveLabs.Html.Page');
Assembly('IL2JS_mscorlib');
Type('IL2JS_mscorlib','System.Object');
Method('Ribbon','Ribbon.Ribbon','method static Run()');
Method('Ribbon','Ribbon.Ribbon','method instance .ctor([Ribbon]Ribbon.Ribbon)');
Type('IL2JS_mscorlib','Microsoft.LiveLabs.JavaScript.JSObject');
Type('IL2JS_mscorlib','System.String');
Method('IL2JS_mscorlib','System.String','method static .cctor()');
Type('IL2JS_mscorlib','System.Char');
Type('IL2JS_mscorlib','System.ValueType');
Type('IL2JS_mscorlib','$Array');
Type('IL2JS_mscorlib','System.Array');
Type('IL2JS_mscorlib','System.Boolean');
Method('IL2JS_mscorlib','System.Boolean','method static .cctor()');
Type('IL2JS_Html','Microsoft.LiveLabs.Html.HtmlElement');
Type('IL2JS_Html','Microsoft.LiveLabs.Html.DomNode');
Type('IL2JS_Html','Microsoft.LiveLabs.Html.Anchor');
Type('IL2JS_Html','Microsoft.LiveLabs.Html.HtmlEventHandler');
Type('IL2JS_mscorlib','System.MulticastDelegate');
Type('IL2JS_mscorlib','System.Delegate');
Type('IL2JS_Html','Microsoft.LiveLabs.Html.Window');
Method('IL2JS_Html','Microsoft.LiveLabs.Html.Page','method instance .ctor([IL2JS_Html]Microsoft.LiveLabs.Html.Page)');
Type('Ribbon','Ribbon.BrowserUtility');
Method('Ribbon','Ribbon.BrowserUtility','method static InitBrowserUtility()');
Method('IL2JS_mscorlib','System.String','method instance IndexOf([IL2JS_mscorlib]System.String,[IL2JS_mscorlib]System.String):[IL2JS_mscorlib]System.Int32');
Type('IL2JS_mscorlib','System.Int32');
Method('IL2JS_mscorlib','System.String','method instance Substring([IL2JS_mscorlib]System.String,[IL2JS_mscorlib]System.Int32):[IL2JS_mscorlib]System.String');
Method('IL2JS_mscorlib','System.String','method instance Substring([IL2JS_mscorlib]System.String,[IL2JS_mscorlib]System.Int32,[IL2JS_mscorlib]System.Int32):[IL2JS_mscorlib]System.String');
Type('IL2JS_mscorlib','System.Double');
Method('IL2JS_mscorlib','System.Double','method static TryParse([IL2JS_mscorlib]System.String,[IL2JS_mscorlib]$Pointer<[IL2JS_mscorlib]System.Double>):[IL2JS_mscorlib]System.Boolean');
Type('IL2JS_mscorlib','System.Nullable`1');
Type('Ribbon','Ribbon.TestPageComponent');
Type('Ribbon','Ribbon.Page.PageComponent');
Method('Ribbon','Ribbon.TestPageComponent','method instance .ctor([Ribbon]Ribbon.TestPageComponent)');
Type('IL2JS_Html','Microsoft.LiveLabs.Html.Input');
Method('Ribbon','Ribbon.Page.PageComponent','method instance .ctor([Ribbon]Ribbon.Page.PageComponent)');
Type('IL2JS_mscorlib','System.Collections.Generic.Dictionary`2');
Method('IL2JS_mscorlib','System.Collections.Generic.Dictionary`2','method static .cctor()');
Type('IL2JS_mscorlib','System.Runtime.CompilerServices.RuntimeHelpers');
Type('IL2JS_mscorlib','<PrivateImplementationDetails>');
Type('IL2JS_mscorlib','<PrivateImplementationDetails>+__StaticArrayInitTypeSize=124');
Type('IL2JS_mscorlib','System.Reflection.FieldInfo');
Type('IL2JS_mscorlib','System.Reflection.MemberInfo');
Type('IL2JS_mscorlib','System.Type');
Method('IL2JS_mscorlib','System.Type','method static .cctor()');
Type('IL2JS_mscorlib','System.RuntimeTypeHandle');
Type('IL2JS_mscorlib','System.Enum');
Method('IL2JS_mscorlib','System.Type','method instance .ctor([IL2JS_mscorlib]System.Type,[IL2JS_mscorlib]Microsoft.LiveLabs.JavaScript.Interop.JSContext)');
Method('IL2JS_mscorlib','System.Reflection.MemberInfo','method instance .ctor([IL2JS_mscorlib]System.Reflection.MemberInfo)');
Method('IL2JS_mscorlib','System.Reflection.FieldInfo','method instance .ctor([IL2JS_mscorlib]System.Reflection.FieldInfo,[IL2JS_mscorlib]System.Type,[IL2JS_mscorlib]System.Boolean,[IL2JS_mscorlib]System.Boolean,[IL2JS_mscorlib]System.String,[IL2JS_mscorlib]System.Type,[IL2JS_mscorlib]$Array<[IL2JS_mscorlib]System.Int32>)');
Method('IL2JS_mscorlib','System.Runtime.CompilerServices.RuntimeHelpers','method static InitializeArray([IL2JS_mscorlib]System.Array,[IL2JS_mscorlib]System.RuntimeFieldHandle)');
Method('IL2JS_mscorlib','System.Collections.Generic.Dictionary`2','method instance .ctor([IL2JS_mscorlib]System.Collections.Generic.Dictionary`2<!0,!1>)');
Method('IL2JS_mscorlib','System.Collections.Generic.Dictionary`2','method instance SetupDirect([IL2JS_mscorlib]System.Collections.Generic.Dictionary`2<!0,!1>)');
Type('IL2JS_Html','Microsoft.LiveLabs.Html.Table');
Method('IL2JS_Html','Microsoft.LiveLabs.Html.Table','method instance .ctor([IL2JS_Html]Microsoft.LiveLabs.Html.Table,[IL2JS_mscorlib]Microsoft.LiveLabs.JavaScript.Interop.JSContext)');
Method('IL2JS_Html','Microsoft.LiveLabs.Html.HtmlElement','method instance .ctor([IL2JS_Html]Microsoft.LiveLabs.Html.HtmlElement,[IL2JS_mscorlib]Microsoft.LiveLabs.JavaScript.Interop.JSContext)');
Method('IL2JS_Html','Microsoft.LiveLabs.Html.DomNode','method instance .ctor([IL2JS_Html]Microsoft.LiveLabs.Html.DomNode,[IL2JS_mscorlib]Microsoft.LiveLabs.JavaScript.Interop.JSContext)');
Method('IL2JS_Html','Microsoft.LiveLabs.Html.Input','method instance .ctor([IL2JS_Html]Microsoft.LiveLabs.Html.Input,[IL2JS_mscorlib]Microsoft.LiveLabs.JavaScript.Interop.JSContext)');
Method('IL2JS_Html','Microsoft.LiveLabs.Html.HtmlElement','method static AttachEvent([IL2JS_Html]Microsoft.LiveLabs.Html.HtmlElement,[IL2JS_mscorlib]System.String,[IL2JS_Html]Microsoft.LiveLabs.Html.HtmlEventHandler)');
Type('IL2JS_Html','Microsoft.LiveLabs.Html.HtmlEvent');
Method('IL2JS_mscorlib','System.Collections.Generic.Dictionary`2','method instance set_Item([IL2JS_mscorlib]System.Collections.Generic.Dictionary`2<!0,!1>,!0,!1)');
Method('IL2JS_mscorlib','System.Int32','method instance ToString([IL2JS_mscorlib]$Pointer<[IL2JS_mscorlib]System.Int32>):[IL2JS_mscorlib]System.String');
Method('IL2JS_mscorlib','System.String','method static Concat([IL2JS_mscorlib]System.String,[IL2JS_mscorlib]System.String,[IL2JS_mscorlib]System.String):[IL2JS_mscorlib]System.String');
Type('Ribbon','Ribbon.Page.PageManager');
Type('Ribbon','Ribbon.RootUser');
Method('Ribbon','Ribbon.Page.PageManager','method static get_Instance():[Ribbon]Ribbon.Page.PageManager');
Method('Ribbon','Ribbon.Page.PageManager','method static Initialize()');
Method('Ribbon','Ribbon.Page.PageManager','method instance .ctor([Ribbon]Ribbon.Page.PageManager)');
Method('Ribbon','Ribbon.RootUser','method instance .ctor([Ribbon]Ribbon.RootUser)');
Type('IL2JS_mscorlib','System.Collections.Generic.List`1');
Method('IL2JS_mscorlib','System.Collections.Generic.List`1','method static .cctor()');
Method('IL2JS_mscorlib','System.Collections.Generic.List`1','method instance .ctor([IL2JS_mscorlib]System.Collections.Generic.List`1<!0>)');
Type('Ribbon','Ribbon.Page.CommandDispatcher');
Method('Ribbon','Ribbon.Page.CommandDispatcher','method instance .ctor([Ribbon]Ribbon.Page.CommandDispatcher)');
Type('Ribbon','Ribbon.Page.ICommandHandler');
Type('Ribbon','Ribbon.Page.FocusManager');
Method('Ribbon','Ribbon.Page.FocusManager','method instance .ctor([Ribbon]Ribbon.Page.FocusManager,[Ribbon]Ribbon.Page.PageManager)');
Type('Ribbon','Ribbon.Page.UndoManager');
Method('Ribbon','Ribbon.Page.UndoManager','method static .cctor()');
Method('Ribbon','Ribbon.Page.UndoManager','method instance .ctor([Ribbon]Ribbon.Page.UndoManager,[Ribbon]Ribbon.Page.PageManager)');
Type('Ribbon','Ribbon.Root');
Type('Ribbon','Ribbon.Component');
Method('IL2JS_Html','Microsoft.LiveLabs.Html.Window','method instance .ctor([IL2JS_Html]Microsoft.LiveLabs.Html.Window,[IL2JS_mscorlib]Microsoft.LiveLabs.JavaScript.Interop.JSContext)');
Method('IL2JS_Html','Microsoft.LiveLabs.Html.Window','method static AttachEvent([IL2JS_Html]Microsoft.LiveLabs.Html.Window,[IL2JS_mscorlib]System.String,[IL2JS_Html]Microsoft.LiveLabs.Html.HtmlEventHandler)');
Method('Ribbon','Ribbon.Page.PageManager','method instance InitializeInternal([Ribbon]Ribbon.Page.PageManager)');
Method('Ribbon','Ribbon.Page.CommandDispatcher','method instance Initialize([Ribbon]Ribbon.Page.CommandDispatcher)');
Method('Ribbon','Ribbon.Page.UndoManager','method instance Initialize([Ribbon]Ribbon.Page.UndoManager)');
Method('Ribbon','Ribbon.Page.CommandDispatcher','method instance RegisterCommandHandler([Ribbon]Ribbon.Page.CommandDispatcher,[IL2JS_mscorlib]System.String,[Ribbon]Ribbon.Page.ICommandHandler)');
Method('IL2JS_mscorlib','System.String','method static IsNullOrEmpty([IL2JS_mscorlib]System.String):[IL2JS_mscorlib]System.Boolean');
Method('Ribbon','Ribbon.Page.CommandDispatcher','method instance GetHandlerRecordForCommand([Ribbon]Ribbon.Page.CommandDispatcher,[IL2JS_mscorlib]System.String):[IL2JS_mscorlib]System.Collections.Generic.List`1<[Ribbon]Ribbon.Page.ICommandHandler>');
Method('IL2JS_mscorlib','System.Collections.Generic.Dictionary`2','method instance ContainsKey([IL2JS_mscorlib]System.Collections.Generic.Dictionary`2<!0,!1>,!0):[IL2JS_mscorlib]System.Boolean');
Method('IL2JS_mscorlib','System.Collections.Generic.List`1','method instance Add([IL2JS_mscorlib]System.Collections.Generic.List`1<!0>,!0)');
Method('IL2JS_mscorlib','System.Collections.Generic.List`1','method instance EnsureCapacity([IL2JS_mscorlib]System.Collections.Generic.List`1<!0>,[IL2JS_mscorlib]System.Int32)');
Method('IL2JS_mscorlib','System.Collections.Generic.List`1','method instance set_Capacity([IL2JS_mscorlib]System.Collections.Generic.List`1<!0>,[IL2JS_mscorlib]System.Int32)');
Method('Ribbon','Ribbon.Page.FocusManager','method instance Initialize([Ribbon]Ribbon.Page.FocusManager)');
Method('Ribbon','Ribbon.Page.PageManager','method instance AddPageComponent([Ribbon]Ribbon.Page.PageManager,[Ribbon]Ribbon.Page.PageComponent)');
Method('Ribbon','Ribbon.TestPageComponent','method instance GetId([Ribbon]Ribbon.TestPageComponent):[IL2JS_mscorlib]System.String');
Method('IL2JS_mscorlib','System.Collections.Generic.List`1','method instance Contains([IL2JS_mscorlib]System.Collections.Generic.List`1<!0>,!0):[IL2JS_mscorlib]System.Boolean');
Type('IL2JS_mscorlib','System.Collections.Generic.EqualityComparer`1');
Method('IL2JS_mscorlib','System.Collections.Generic.EqualityComparer`1','method static get_Default():[IL2JS_mscorlib]System.Collections.Generic.EqualityComparer`1<!0>');
Method('IL2JS_mscorlib','System.Collections.Generic.EqualityComparer`1','method instance .ctor([IL2JS_mscorlib]System.Collections.Generic.EqualityComparer`1<!0>)');
Method('Ribbon','Ribbon.TestPageComponent','method instance Init([Ribbon]Ribbon.TestPageComponent)');
Method('Ribbon','Ribbon.TestPageComponent','method instance InitializeCommandInfo([Ribbon]Ribbon.TestPageComponent)');
Method('Ribbon','Ribbon.TestPageComponent','method instance GetGlobalCommands([Ribbon]Ribbon.TestPageComponent):[IL2JS_mscorlib]$Array<[IL2JS_mscorlib]System.String>');
Method('Ribbon','Ribbon.Page.CommandDispatcher','method instance RegisterMultipleCommandHandler([Ribbon]Ribbon.Page.CommandDispatcher,[Ribbon]Ribbon.Page.ICommandHandler,[IL2JS_mscorlib]$Array<[IL2JS_mscorlib]System.String>)');
Method('Ribbon','Ribbon.Page.PageComponent','method instance IsFocusable([Ribbon]Ribbon.Page.PageComponent):[IL2JS_mscorlib]System.Boolean');
Method('IL2JS_mscorlib','Microsoft.LiveLabs.JavaScript.JSObject','method instance .ctor([IL2JS_mscorlib]Microsoft.LiveLabs.JavaScript.JSObject)');
Method('IL2JS_mscorlib','Microsoft.LiveLabs.JavaScript.JSObject','method instance .ctor([IL2JS_mscorlib]Microsoft.LiveLabs.JavaScript.JSObject,[IL2JS_mscorlib]Microsoft.LiveLabs.JavaScript.Interop.JSContext)');
Type('IL2JS_Html','Microsoft.LiveLabs.Html.ListItem');
Method('IL2JS_Html','Microsoft.LiveLabs.Html.ListItem','method instance .ctor([IL2JS_Html]Microsoft.LiveLabs.Html.ListItem,[IL2JS_mscorlib]Microsoft.LiveLabs.JavaScript.Interop.JSContext)');
Method('IL2JS_Html','Microsoft.LiveLabs.Html.Anchor','method instance .ctor([IL2JS_Html]Microsoft.LiveLabs.Html.Anchor,[IL2JS_mscorlib]Microsoft.LiveLabs.JavaScript.Interop.JSContext)');
