Method('IL2JS_Html','Microsoft.LiveLabs.Html.HtmlEvent','method instance .ctor([IL2JS_Html]Microsoft.LiveLabs.Html.HtmlEvent,[IL2JS_mscorlib]Microsoft.LiveLabs.JavaScript.Interop.JSContext)');
Method('Ribbon','Ribbon.Ribbon','method instance RibbonStartInit([Ribbon]Ribbon.Ribbon,[IL2JS_Html]Microsoft.LiveLabs.Html.HtmlEvent)');
Type('Ribbon','Ribbon.Utility');
Method('Ribbon','Ribbon.Utility','method static .cctor()');
Type('IL2JS_mscorlib','System.UInt16');
Type('Ribbon','<PrivateImplementationDetails>');
Type('Ribbon','<PrivateImplementationDetails>+__StaticArrayInitTypeSize=128');
Method('Ribbon','Ribbon.Utility','method static CancelEventUtility([IL2JS_Html]Microsoft.LiveLabs.Html.HtmlEvent,[IL2JS_mscorlib]System.Boolean,[IL2JS_mscorlib]System.Boolean)');
Method('IL2JS_mscorlib','System.String','method static Concat([IL2JS_mscorlib]System.String,[IL2JS_mscorlib]System.String):[IL2JS_mscorlib]System.String');
Method('Ribbon','Ribbon.Ribbon','method instance RibbonInitFunc1([Ribbon]Ribbon.Ribbon)');
Type('Ribbon','Ribbon.RibbonBuildOptions');
Type('Ribbon','Ribbon.BuildOptions');
Method('Ribbon','Ribbon.RibbonBuildOptions','method instance .ctor([Ribbon]Ribbon.RibbonBuildOptions)');
Method('Ribbon','Ribbon.BuildOptions','method instance .ctor([Ribbon]Ribbon.BuildOptions)');
Method('IL2JS_mscorlib','System.Collections.Generic.Dictionary`2','method instance Add([IL2JS_mscorlib]System.Collections.Generic.Dictionary`2<!0,!1>,!0,!1)');
Type('IL2JS_Html','Microsoft.LiveLabs.Html.Div');
Method('IL2JS_Html','Microsoft.LiveLabs.Html.Div','method instance .ctor([IL2JS_Html]Microsoft.LiveLabs.Html.Div,[IL2JS_mscorlib]Microsoft.LiveLabs.JavaScript.Interop.JSContext)');
Type('Ribbon','Ribbon.RibbonBuilder');
Type('Ribbon','Ribbon.Builder');
Method('Ribbon','Ribbon.RibbonBuilder','method instance .ctor([Ribbon]Ribbon.RibbonBuilder,[Ribbon]Ribbon.RibbonBuildOptions,[IL2JS_Html]Microsoft.LiveLabs.Html.HtmlElement,[Ribbon]Ribbon.IRootBuildClient)');
Method('Ribbon','Ribbon.Builder','method instance .ctor([Ribbon]Ribbon.Builder,[Ribbon]Ribbon.BuildOptions,[IL2JS_Html]Microsoft.LiveLabs.Html.HtmlElement,[Ribbon]Ribbon.IRootBuildClient)');
Type('Ribbon','Ribbon.DataSource');
Method('Ribbon','Ribbon.DataSource','method instance .ctor([Ribbon]Ribbon.DataSource,[IL2JS_mscorlib]System.String,[IL2JS_mscorlib]System.String,[IL2JS_mscorlib]System.String)');
Method('Ribbon','Ribbon.RibbonBuilder','method instance BuildRibbonAndInitialTab([Ribbon]Ribbon.RibbonBuilder,[IL2JS_mscorlib]System.String):[IL2JS_mscorlib]System.Boolean');
Type('Ribbon','Ribbon.RibbonBuildContext');
Type('Ribbon','Ribbon.BuildContext');
Method('Ribbon','Ribbon.RibbonBuildContext','method instance .ctor([Ribbon]Ribbon.RibbonBuildContext)');
Method('Ribbon','Ribbon.BuildContext','method instance .ctor([Ribbon]Ribbon.BuildContext)');
Type('Ribbon','Ribbon.DataQuery');
Method('Ribbon','Ribbon.DataQuery','method instance .ctor([Ribbon]Ribbon.DataQuery)');
Type('Ribbon','Ribbon.DataReturnedEventHandler');
Method('Ribbon','Ribbon.DataSource','method instance RunQuery([Ribbon]Ribbon.DataSource,[Ribbon]Ribbon.DataQuery)');
Type('Ribbon','Ribbon.RibbonData');
Type('Ribbon','Ribbon.QueryRecord');
Method('Ribbon','Ribbon.QueryRecord','method instance .ctor([Ribbon]Ribbon.QueryRecord)');
Method('Ribbon','Ribbon.RibbonData','method instance .ctor([Ribbon]Ribbon.RibbonData)');
Method('Ribbon','Ribbon.RibbonData','method instance .ctor([Ribbon]Ribbon.RibbonData,[IL2JS_mscorlib]Microsoft.LiveLabs.JavaScript.Interop.JSContext)');
Type('Ribbon','Ribbon.DataQueryResult');
Method('Ribbon','Ribbon.DataQueryResult','method instance .ctor([Ribbon]Ribbon.DataQueryResult)');
Method('Ribbon','Ribbon.RibbonBuilder','method instance OnReturnRibbonAndInitialTab([Ribbon]Ribbon.RibbonBuilder,[Ribbon]Ribbon.DataQueryResult)');
Type('Ribbon','Ribbon.PMetrics');
Type('Ribbon','Ribbon.SPRibbon');
Method('Ribbon','Ribbon.PMetrics','method static PerfMark([Ribbon]Ribbon.PMarker)');
Type('IL2JS_mscorlib','System.DateTime');
Method('IL2JS_mscorlib','System.DateTime','method static .cctor()');
Type('Ribbon','Ribbon.PMetrics+PRecord');
Method('Ribbon','Ribbon.PMetrics+PRecord','method instance .ctor([Ribbon]Ribbon.PMetrics+PRecord)');
Method('IL2JS_mscorlib','System.DateTime','method instance .ctor([IL2JS_mscorlib]$Pointer<[IL2JS_mscorlib]System.DateTime>,[IL2JS_mscorlib]System.Double,[IL2JS_mscorlib]System.DateTimeKind)');
Method('Ribbon','Ribbon.PMetrics','method static get_Records():[IL2JS_mscorlib]System.Collections.Generic.List`1<[Ribbon]Ribbon.PMetrics+PRecord>');
Method('IL2JS_mscorlib','System.Collections.Generic.List`1','method instance get_Count([IL2JS_mscorlib]System.Collections.Generic.List`1<!0>):[IL2JS_mscorlib]System.Int32');
Method('Ribbon','Ribbon.Builder','method instance ApplyDataExtensions([Ribbon]Ribbon.Builder,[IL2JS_mscorlib]System.Object):[IL2JS_mscorlib]System.Object');
Method('Ribbon','Ribbon.Utility','method static EnsureCSSClassOnElement([IL2JS_Html]Microsoft.LiveLabs.Html.HtmlElement,[IL2JS_mscorlib]System.String)');
Method('IL2JS_mscorlib','System.String','method instance Trim([IL2JS_mscorlib]System.String):[IL2JS_mscorlib]System.String');
Type('Ribbon','Ribbon.DataNodeWrapper');
Method('Ribbon','Ribbon.DataNodeWrapper','method static GetFirstChildNodeWithName([IL2JS_mscorlib]System.Object,[IL2JS_mscorlib]System.String):[IL2JS_mscorlib]Microsoft.LiveLabs.JavaScript.JSObject');
Method('Ribbon','Ribbon.DataNodeWrapper','method static GetNodeChildren([IL2JS_mscorlib]System.Object):[IL2JS_mscorlib]$Array<[IL2JS_mscorlib]Microsoft.LiveLabs.JavaScript.JSObject>');
Type('Ribbon','Ribbon.CUIUtility');
Method('Ribbon','Ribbon.CUIUtility','method static SafeString([IL2JS_mscorlib]System.String):[IL2JS_mscorlib]System.String');
Method('IL2JS_mscorlib','System.String','method instance Equals([IL2JS_mscorlib]System.String,[IL2JS_mscorlib]System.String):[IL2JS_mscorlib]System.Boolean');
Type('Ribbon','Ribbon.TemplateManager');
Method('Ribbon','Ribbon.TemplateManager','method static get_Instance():[Ribbon]Ribbon.TemplateManager');
Method('Ribbon','Ribbon.TemplateManager','method instance .ctor([Ribbon]Ribbon.TemplateManager)');
Type('Ribbon','Ribbon.Template');
Method('Ribbon','Ribbon.TemplateManager','method instance LoadTemplates([Ribbon]Ribbon.TemplateManager,[IL2JS_mscorlib]System.Object)');
Method('Ribbon','Ribbon.TemplateManager','method instance LoadGroupTemplate([Ribbon]Ribbon.TemplateManager,[IL2JS_mscorlib]System.Object)');
Method('Ribbon','Ribbon.DataNodeWrapper','method static GetAttribute([IL2JS_mscorlib]System.Object,[IL2JS_mscorlib]System.String):[IL2JS_mscorlib]System.String');
Method('Ribbon','Ribbon.TemplateManager','method instance GetTemplate([Ribbon]Ribbon.TemplateManager,[IL2JS_mscorlib]System.String):[Ribbon]Ribbon.Template');
Type('Ribbon','Ribbon.DeclarativeTemplate');
Method('Ribbon','Ribbon.DeclarativeTemplate','method instance .ctor([Ribbon]Ribbon.DeclarativeTemplate,[IL2JS_mscorlib]System.Object)');
Method('Ribbon','Ribbon.Template','method instance .ctor([Ribbon]Ribbon.Template)');
Method('Ribbon','Ribbon.RibbonBuilder','method instance BuildRibbon([Ribbon]Ribbon.RibbonBuilder,[IL2JS_mscorlib]System.Object,[Ribbon]Ribbon.RibbonBuildContext):[Ribbon]Ribbon.SPRibbon');
Type('Ribbon','Ribbon.RibbonProperties');
Type('Ribbon','Ribbon.RootProperties');
Method('Ribbon','Ribbon.RibbonProperties','method instance .ctor([Ribbon]Ribbon.RibbonProperties,[IL2JS_mscorlib]Microsoft.LiveLabs.JavaScript.Interop.JSContext)');
Method('Ribbon','Ribbon.RootProperties','method instance .ctor([Ribbon]Ribbon.RootProperties,[IL2JS_mscorlib]Microsoft.LiveLabs.JavaScript.Interop.JSContext)');
Method('Ribbon','Ribbon.SPRibbon','method instance .ctor([Ribbon]Ribbon.SPRibbon,[IL2JS_mscorlib]System.String,[Ribbon]Ribbon.RibbonProperties)');
Method('Ribbon','Ribbon.Root','method instance .ctor([Ribbon]Ribbon.Root,[IL2JS_mscorlib]System.String,[Ribbon]Ribbon.RootProperties)');
Type('IL2JS_Html','Microsoft.LiveLabs.Html.Document');
Method('Ribbon','Ribbon.Component','method instance .ctor([Ribbon]Ribbon.Component,[Ribbon]Ribbon.Root,[IL2JS_mscorlib]System.String,[IL2JS_mscorlib]System.String,[IL2JS_mscorlib]System.String)');
Method('Ribbon','Ribbon.Component','method instance CreateChildArray([Ribbon]Ribbon.Component)');
Method('Ribbon','Ribbon.Component','method instance EnsureChildren([Ribbon]Ribbon.Component)');
Method('Ribbon','Ribbon.Component','method instance InitRootMember([Ribbon]Ribbon.Component,[Ribbon]Ribbon.Root)');
Type('Ribbon','Ribbon.Control');
Method('IL2JS_Html','Microsoft.LiveLabs.Html.Document','method instance .ctor([IL2JS_Html]Microsoft.LiveLabs.Html.Document,[IL2JS_mscorlib]Microsoft.LiveLabs.JavaScript.Interop.JSContext)');
Method('IL2JS_Html','Microsoft.LiveLabs.Html.Document','method static AttachEvent([IL2JS_Html]Microsoft.LiveLabs.Html.Document,[IL2JS_mscorlib]System.String,[IL2JS_Html]Microsoft.LiveLabs.Html.HtmlEventHandler)');
Type('Ribbon','Ribbon.ContextualGroup');
Method('IL2JS_mscorlib','System.String','method static Concat([IL2JS_mscorlib]System.String,[IL2JS_mscorlib]System.String,[IL2JS_mscorlib]System.String,[IL2JS_mscorlib]System.String):[IL2JS_mscorlib]System.String');
Method('Ribbon','Ribbon.Utility','method static GetViewPortWidth():[IL2JS_mscorlib]System.Int32');
Method('Ribbon','Ribbon.Ribbon','method instance HandleWindowResize([Ribbon]Ribbon.Ribbon,[IL2JS_Html]Microsoft.LiveLabs.Html.HtmlEvent)');
Method('Ribbon','Ribbon.Utility','method static GetViewPortHeight():[IL2JS_mscorlib]System.Int32');
Method('Ribbon','Ribbon.RibbonBuilder','method instance AddTabsToRibbon([Ribbon]Ribbon.RibbonBuilder,[IL2JS_mscorlib]$Array<[IL2JS_mscorlib]Microsoft.LiveLabs.JavaScript.JSObject>,[IL2JS_mscorlib]System.String,[Ribbon]Ribbon.RibbonBuildContext)');
Method('IL2JS_mscorlib','System.Collections.Generic.Dictionary`2','method instance get_Item([IL2JS_mscorlib]System.Collections.Generic.Dictionary`2<!0,!1>,!0):!1');
Method('Ribbon','Ribbon.RibbonBuilder','method instance BuildTab([Ribbon]Ribbon.RibbonBuilder,[IL2JS_mscorlib]System.Object,[Ribbon]Ribbon.RibbonBuildContext,[IL2JS_mscorlib]System.String):[Ribbon]Ribbon.Tab');
Type('Ribbon','Ribbon.Tab');
Type('Ribbon','Ribbon.RibbonComponent');
Method('Ribbon','Ribbon.Tab','method instance .ctor([Ribbon]Ribbon.Tab,[Ribbon]Ribbon.SPRibbon,[IL2JS_mscorlib]System.String,[IL2JS_mscorlib]System.String,[IL2JS_mscorlib]System.String,[IL2JS_mscorlib]System.String,[IL2JS_mscorlib]System.Boolean,[IL2JS_mscorlib]System.String,[IL2JS_mscorlib]System.String)');
Method('Ribbon','Ribbon.RibbonComponent','method instance .ctor([Ribbon]Ribbon.RibbonComponent,[Ribbon]Ribbon.SPRibbon,[IL2JS_mscorlib]System.String,[IL2JS_mscorlib]System.String,[IL2JS_mscorlib]System.String)');
Type('Ribbon','Ribbon.Scaling');
Method('Ribbon','Ribbon.Scaling','method instance .ctor([Ribbon]Ribbon.Scaling)');
Type('Ribbon','Ribbon.ScalingStep');
Type('Ribbon','Ribbon.DelayedInitHandler');
Method('Ribbon','Ribbon.RibbonBuildContext','method instance Clone([Ribbon]Ribbon.RibbonBuildContext):[Ribbon]Ribbon.RibbonBuildContext');
Method('Ribbon','Ribbon.Component','method instance AddChild([Ribbon]Ribbon.Component,[Ribbon]Ribbon.Component)');
Method('Ribbon','Ribbon.Component','method instance AddChildAtIndexInternal([Ribbon]Ribbon.Component,[Ribbon]Ribbon.Component,[IL2JS_mscorlib]System.Int32,[IL2JS_mscorlib]System.Boolean)');
Method('Ribbon','Ribbon.SPRibbon','method instance EnsureCorrectChildType([Ribbon]Ribbon.SPRibbon,[Ribbon]Ribbon.Component)');
Method('IL2JS_mscorlib','System.Type','method instance IsInstanceOfType([IL2JS_mscorlib]System.Type,[IL2JS_mscorlib]System.Object):[IL2JS_mscorlib]System.Boolean');
Method('Ribbon','Ribbon.Component','method instance OnDirtyingChange([Ribbon]Ribbon.Component)');
Method('Ribbon','Ribbon.RibbonBuilder','method instance AddContextualGroup([Ribbon]Ribbon.RibbonBuilder,[IL2JS_mscorlib]Microsoft.LiveLabs.JavaScript.JSObject,[Ribbon]Ribbon.RibbonBuildContext)');
Method('IL2JS_mscorlib','System.Collections.Generic.Dictionary`2','method instance .ctor([IL2JS_mscorlib]System.Collections.Generic.Dictionary`2<!0,!1>,[IL2JS_mscorlib]System.Int32)');
Method('IL2JS_mscorlib','System.Collections.Generic.Dictionary`2','method instance TryGetValue([IL2JS_mscorlib]System.Collections.Generic.Dictionary`2<!0,!1>,!0,[IL2JS_mscorlib]$Pointer<!1>):[IL2JS_mscorlib]System.Boolean');
Method('Ribbon','Ribbon.SPRibbon','method instance AddContextualGroup([Ribbon]Ribbon.SPRibbon,[IL2JS_mscorlib]System.String,[IL2JS_mscorlib]System.String,[Ribbon]Ribbon.ContextualColor,[IL2JS_mscorlib]System.String)');
Method('Ribbon','Ribbon.SPRibbon','method instance GetContextualGroup([Ribbon]Ribbon.SPRibbon,[IL2JS_mscorlib]System.String):[Ribbon]Ribbon.ContextualGroup');
Method('Ribbon','Ribbon.ContextualGroup','method instance .ctor([Ribbon]Ribbon.ContextualGroup,[IL2JS_mscorlib]System.String,[IL2JS_mscorlib]System.String,[Ribbon]Ribbon.ContextualColor,[IL2JS_mscorlib]System.String)');
Method('Ribbon','Ribbon.Component','method instance set_VisibleInternal([Ribbon]Ribbon.Component,[IL2JS_mscorlib]System.Boolean)');
Method('Ribbon','Ribbon.RibbonBuilder','method instance FillTab([Ribbon]Ribbon.RibbonBuilder,[Ribbon]Ribbon.Tab,[IL2JS_mscorlib]System.Object,[Ribbon]Ribbon.RibbonBuildContext)');
Method('Ribbon','Ribbon.Builder','method instance IsNodeTrimmed([Ribbon]Ribbon.Builder,[IL2JS_mscorlib]Microsoft.LiveLabs.JavaScript.JSObject):[IL2JS_mscorlib]System.Boolean');
Method('Ribbon','Ribbon.Builder','method instance IsIdTrimmed([Ribbon]Ribbon.Builder,[IL2JS_mscorlib]System.String):[IL2JS_mscorlib]System.Boolean');
Method('Ribbon','Ribbon.RibbonBuilder','method instance BuildGroup([Ribbon]Ribbon.RibbonBuilder,[IL2JS_mscorlib]System.Object,[Ribbon]Ribbon.RibbonBuildContext):[Ribbon]Ribbon.Group');
Method('Ribbon','Ribbon.Builder','method instance BuildControl([Ribbon]Ribbon.Builder,[IL2JS_mscorlib]System.Object,[Ribbon]Ribbon.BuildContext):[Ribbon]Ribbon.Control');
Method('Ribbon','Ribbon.Builder','method instance BuildSplitButton([Ribbon]Ribbon.Builder,[IL2JS_mscorlib]System.Object,[Ribbon]Ribbon.BuildContext):[Ribbon]Ribbon.Controls.SplitButton');
Type('Ribbon','Ribbon.Controls.SplitButtonProperties');
Type('Ribbon','Ribbon.MenuLauncherControlProperties');
Type('Ribbon','Ribbon.ControlProperties');
Method('Ribbon','Ribbon.Controls.SplitButtonProperties','method instance .ctor([Ribbon]Ribbon.Controls.SplitButtonProperties,[IL2JS_mscorlib]Microsoft.LiveLabs.JavaScript.Interop.JSContext)');
Method('Ribbon','Ribbon.MenuLauncherControlProperties','method instance .ctor([Ribbon]Ribbon.MenuLauncherControlProperties,[IL2JS_mscorlib]Microsoft.LiveLabs.JavaScript.Interop.JSContext)');
Method('Ribbon','Ribbon.ControlProperties','method instance .ctor([Ribbon]Ribbon.ControlProperties,[IL2JS_mscorlib]Microsoft.LiveLabs.JavaScript.Interop.JSContext)');
Method('Ribbon','Ribbon.Utility','method static IsTrue([IL2JS_mscorlib]System.String):[IL2JS_mscorlib]System.Boolean');
Method('IL2JS_mscorlib','System.String','method static Compare([IL2JS_mscorlib]System.String,[IL2JS_mscorlib]System.String):[IL2JS_mscorlib]System.Int32');
Type('Ribbon','Ribbon.Controls.SplitButton');
Type('Ribbon','Ribbon.MenuLauncher');
Method('Ribbon','Ribbon.Controls.SplitButton','method instance .ctor([Ribbon]Ribbon.Controls.SplitButton,[Ribbon]Ribbon.Root,[IL2JS_mscorlib]System.String,[Ribbon]Ribbon.Controls.SplitButtonProperties,[Ribbon]Ribbon.Menu)');
Method('Ribbon','Ribbon.MenuLauncher','method instance .ctor([Ribbon]Ribbon.MenuLauncher,[Ribbon]Ribbon.Root,[IL2JS_mscorlib]System.String,[Ribbon]Ribbon.ControlProperties,[Ribbon]Ribbon.Menu)');
Method('Ribbon','Ribbon.Control','method instance .ctor([Ribbon]Ribbon.Control,[Ribbon]Ribbon.Root,[IL2JS_mscorlib]System.String,[Ribbon]Ribbon.ControlProperties)');
Type('Ribbon','Ribbon.ControlComponent');
Method('Ribbon','Ribbon.Control','method instance AddDisplayMode([Ribbon]Ribbon.Control,[IL2JS_mscorlib]System.String)');
Method('Ribbon','Ribbon.Builder','method instance BuildMenu([Ribbon]Ribbon.Builder,[IL2JS_mscorlib]Microsoft.LiveLabs.JavaScript.JSObject,[Ribbon]Ribbon.BuildContext,[IL2JS_mscorlib]System.Boolean):[Ribbon]Ribbon.Menu');
Type('Ribbon','Ribbon.Menu');
Method('Ribbon','Ribbon.Menu','method instance .ctor([Ribbon]Ribbon.Menu,[Ribbon]Ribbon.Root,[IL2JS_mscorlib]System.String,[IL2JS_mscorlib]System.String,[IL2JS_mscorlib]System.String,[IL2JS_mscorlib]System.String)');
Method('Ribbon','Ribbon.Builder','method instance BuildButton([Ribbon]Ribbon.Builder,[IL2JS_mscorlib]System.Object,[Ribbon]Ribbon.BuildContext):[Ribbon]Ribbon.Controls.Button');
Type('Ribbon','Ribbon.Controls.ButtonProperties');
Type('Ribbon','Ribbon.MenuItemControlProperties');
Method('Ribbon','Ribbon.Controls.ButtonProperties','method instance .ctor([Ribbon]Ribbon.Controls.ButtonProperties,[IL2JS_mscorlib]Microsoft.LiveLabs.JavaScript.Interop.JSContext)');
Method('Ribbon','Ribbon.MenuItemControlProperties','method instance .ctor([Ribbon]Ribbon.MenuItemControlProperties,[IL2JS_mscorlib]Microsoft.LiveLabs.JavaScript.Interop.JSContext)');
Type('Ribbon','Ribbon.Controls.Button');
Method('Ribbon','Ribbon.Controls.Button','method instance .ctor([Ribbon]Ribbon.Controls.Button,[Ribbon]Ribbon.Root,[IL2JS_mscorlib]System.String,[Ribbon]Ribbon.Controls.ButtonProperties)');
Type('Ribbon','Ribbon.GroupProperties');
Method('Ribbon','Ribbon.GroupProperties','method instance .ctor([Ribbon]Ribbon.GroupProperties,[IL2JS_mscorlib]Microsoft.LiveLabs.JavaScript.Interop.JSContext)');
Method('Ribbon','Ribbon.DeclarativeTemplate','method instance CreateGroup([Ribbon]Ribbon.DeclarativeTemplate,[Ribbon]Ribbon.SPRibbon,[IL2JS_mscorlib]System.String,[Ribbon]Ribbon.GroupProperties,[IL2JS_mscorlib]System.String,[IL2JS_mscorlib]System.String,[IL2JS_mscorlib]System.String,[IL2JS_mscorlib]System.Collections.Generic.Dictionary`2<[IL2JS_mscorlib]System.String,[IL2JS_mscorlib]System.Collections.Generic.List`1<[Ribbon]Ribbon.Control>>,[IL2JS_mscorlib]System.Collections.Generic.Dictionary`2<[IL2JS_mscorlib]System.String,[IL2JS_mscorlib]System.String>):[Ribbon]Ribbon.Group');
Type('Ribbon','Ribbon.DeclarativeTemplateBuildContext');
Method('Ribbon','Ribbon.DeclarativeTemplateBuildContext','method instance .ctor([Ribbon]Ribbon.DeclarativeTemplateBuildContext)');
Type('Ribbon','Ribbon.Group');
Method('Ribbon','Ribbon.Group','method instance .ctor([Ribbon]Ribbon.Group,[Ribbon]Ribbon.SPRibbon,[IL2JS_mscorlib]System.String,[IL2JS_mscorlib]System.String,[IL2JS_mscorlib]System.String,[IL2JS_mscorlib]System.String,[Ribbon]Ribbon.GroupProperties)');
Method('Ribbon','Ribbon.DeclarativeTemplate','method instance CreateLayoutFromData([Ribbon]Ribbon.DeclarativeTemplate,[IL2JS_mscorlib]System.Object,[Ribbon]Ribbon.Group,[Ribbon]Ribbon.DeclarativeTemplateBuildContext):[Ribbon]Ribbon.Layout');
Type('Ribbon','Ribbon.Layout');
Method('Ribbon','Ribbon.Layout','method instance .ctor([Ribbon]Ribbon.Layout,[Ribbon]Ribbon.SPRibbon,[IL2JS_mscorlib]System.String,[IL2JS_mscorlib]System.String)');
Method('Ribbon','Ribbon.Group','method instance EnsureCorrectChildType([Ribbon]Ribbon.Group,[Ribbon]Ribbon.Component)');
Method('Ribbon','Ribbon.Component','method instance GetChildByTitle([Ribbon]Ribbon.Component,[IL2JS_mscorlib]System.String):[Ribbon]Ribbon.Component');
Type('IL2JS_mscorlib','System.Collections.Generic.List`1+Enumerator');
Method('IL2JS_mscorlib','System.Collections.Generic.List`1+Enumerator','method instance .ctor([IL2JS_mscorlib]$Pointer<[IL2JS_mscorlib]System.Collections.Generic.List`1+Enumerator<!0>>,[IL2JS_mscorlib]System.Collections.Generic.List`1<!0>)');
Method('IL2JS_mscorlib','System.Collections.Generic.List`1+Enumerator','method instance MoveNext([IL2JS_mscorlib]$Pointer<[IL2JS_mscorlib]System.Collections.Generic.List`1+Enumerator<!0>>):[IL2JS_mscorlib]System.Boolean');
Type('IL2JS_mscorlib','System.IDisposable');
Method('IL2JS_mscorlib','System.Collections.Generic.List`1+Enumerator','method instance Dispose([IL2JS_mscorlib]$Pointer<[IL2JS_mscorlib]System.Collections.Generic.List`1+Enumerator<!0>>)');
Method('IL2JS_mscorlib','System.Collections.Generic.List`1+Enumerator','method instance get_Current([IL2JS_mscorlib]$Pointer<[IL2JS_mscorlib]System.Collections.Generic.List`1+Enumerator<!0>>):!0');
Method('IL2JS_mscorlib','System.Array','method static Copy([IL2JS_mscorlib]System.Array,[IL2JS_mscorlib]System.Int32,[IL2JS_mscorlib]System.Array,[IL2JS_mscorlib]System.Int32,[IL2JS_mscorlib]System.Int32)');
Method('Ribbon','Ribbon.Group','method instance set_PopupLayoutTitle([Ribbon]Ribbon.Group,[IL2JS_mscorlib]System.String)');
Method('Ribbon','Ribbon.Tab','method instance EnsureCorrectChildType([Ribbon]Ribbon.Tab,[Ribbon]Ribbon.Component)');
Method('Ribbon','Ribbon.Builder','method instance BuildFlyoutAnchor([Ribbon]Ribbon.Builder,[IL2JS_mscorlib]System.Object,[Ribbon]Ribbon.BuildContext):[Ribbon]Ribbon.Controls.FlyoutAnchor');
Type('Ribbon','Ribbon.Controls.FlyoutAnchorProperties');
Method('Ribbon','Ribbon.Controls.FlyoutAnchorProperties','method instance .ctor([Ribbon]Ribbon.Controls.FlyoutAnchorProperties,[IL2JS_mscorlib]Microsoft.LiveLabs.JavaScript.Interop.JSContext)');
Type('Ribbon','Ribbon.Controls.FlyoutAnchor');
Method('Ribbon','Ribbon.Controls.FlyoutAnchor','method instance .ctor([Ribbon]Ribbon.Controls.FlyoutAnchor,[Ribbon]Ribbon.Root,[IL2JS_mscorlib]System.String,[Ribbon]Ribbon.Controls.FlyoutAnchorProperties,[Ribbon]Ribbon.Menu)');
Method('Ribbon','Ribbon.Tab','method instance get_Scaling([Ribbon]Ribbon.Tab):[Ribbon]Ribbon.Scaling');
Method('Ribbon','Ribbon.ScalingStep','method instance .ctor([Ribbon]Ribbon.ScalingStep,[IL2JS_mscorlib]System.String,[IL2JS_mscorlib]System.String,[IL2JS_mscorlib]System.String,[IL2JS_mscorlib]System.String,[IL2JS_mscorlib]System.Boolean)');
Method('Ribbon','Ribbon.Scaling','method instance AddScalingStep([Ribbon]Ribbon.Scaling,[Ribbon]Ribbon.ScalingStep)');
Method('Ribbon','Ribbon.Scaling','method instance GetGroupMaxSize([Ribbon]Ribbon.Scaling,[IL2JS_mscorlib]System.String):[IL2JS_mscorlib]System.String');
Method('Ribbon','Ribbon.Scaling','method instance AddScalingStepAtIndex([Ribbon]Ribbon.Scaling,[Ribbon]Ribbon.ScalingStep,[IL2JS_mscorlib]System.Int32)');
Method('IL2JS_mscorlib','System.Collections.Generic.List`1','method instance Insert([IL2JS_mscorlib]System.Collections.Generic.List`1<!0>,[IL2JS_mscorlib]System.Int32,!0)');
Method('IL2JS_mscorlib','System.Collections.Generic.EqualityComparer`1','method instance Equals([IL2JS_mscorlib]System.Collections.Generic.EqualityComparer`1<!0>,!0,!0):[IL2JS_mscorlib]System.Boolean');
Method('IL2JS_mscorlib','System.Object','method instance Equals([IL2JS_mscorlib]System.Object,[IL2JS_mscorlib]System.Object):[IL2JS_mscorlib]System.Boolean');
Method('Ribbon','Ribbon.Tab','method instance ScaleMaxInternal([Ribbon]Ribbon.Tab)');
Method('Ribbon','Ribbon.Group','method instance SelectLayout([Ribbon]Ribbon.Group,[IL2JS_mscorlib]System.String,[IL2JS_mscorlib]System.String)');
Method('Ribbon','Ribbon.Component','method instance SetDirtyRecursively([Ribbon]Ribbon.Component,[IL2JS_mscorlib]System.Boolean)');
Method('Ribbon','Ribbon.Root','method instance set_Builder([Ribbon]Ribbon.Root,[Ribbon]Ribbon.Builder)');
Type('Ribbon','Ribbon.IRootBuildClient');
Method('Ribbon','Ribbon.Page.PageManager','method instance OnComponentCreated([Ribbon]Ribbon.Page.PageManager,[Ribbon]Ribbon.Root,[IL2JS_mscorlib]System.String)');
Method('Ribbon','Ribbon.Page.PageManager','method instance set_Ribbon([Ribbon]Ribbon.Page.PageManager,[Ribbon]Ribbon.SPRibbon)');
Method('Ribbon','Ribbon.Page.PageManager','method instance AddRoot([Ribbon]Ribbon.Page.PageManager,[Ribbon]Ribbon.Root)');
Method('Ribbon','Ribbon.SPRibbon','method instance set_RootUser([Ribbon]Ribbon.SPRibbon,[Ribbon]Ribbon.RootUser)');
Method('Ribbon','Ribbon.Root','method instance set_RootUser([Ribbon]Ribbon.Root,[Ribbon]Ribbon.RootUser)');
Method('Ribbon','Ribbon.SPRibbon','method instance set_MinimizedInternal([Ribbon]Ribbon.SPRibbon,[IL2JS_mscorlib]System.Boolean)');
Method('Ribbon','Ribbon.Component','method instance GetChildInternal([Ribbon]Ribbon.Component,[IL2JS_mscorlib]System.String):[Ribbon]Ribbon.Component');
Method('Ribbon','Ribbon.SPRibbon','method instance MakeTabSelectedInternal([Ribbon]Ribbon.SPRibbon,[Ribbon]Ribbon.Tab)');
Method('Ribbon','Ribbon.Tab','method instance SetSelectedInternal([Ribbon]Ribbon.Tab,[IL2JS_mscorlib]System.Boolean,[IL2JS_mscorlib]System.Boolean)');
Method('Ribbon','Ribbon.Tab','method instance RememberActiveTabId([Ribbon]Ribbon.Tab)');
Method('Ribbon','Ribbon.Root','method instance get_Builder([Ribbon]Ribbon.Root):[Ribbon]Ribbon.Builder');
Method('Ribbon','Ribbon.Root','method instance set_LastFocusedControl([Ribbon]Ribbon.Root,[Ribbon]Ribbon.Control)');
Method('Ribbon','Ribbon.SPRibbon','method instance EnsureDOMElement([Ribbon]Ribbon.SPRibbon)');
Method('Ribbon','Ribbon.Root','method instance EnsureDOMElement([Ribbon]Ribbon.Root)');
Method('Ribbon','Ribbon.Component','method instance EnsureDOMElement([Ribbon]Ribbon.Component)');
Method('Ribbon','Ribbon.SPRibbon','method instance get_DOMElementTagName([Ribbon]Ribbon.SPRibbon):[IL2JS_mscorlib]System.String');
Method('Ribbon','Ribbon.Component','method instance GetElementFromTagName([Ribbon]Ribbon.Component,[IL2JS_mscorlib]System.String):[IL2JS_Html]Microsoft.LiveLabs.Html.HtmlElement');
Method('IL2JS_Html','Microsoft.LiveLabs.Html.Div','method instance .ctor([IL2JS_Html]Microsoft.LiveLabs.Html.Div)');
Method('Ribbon','Ribbon.SPRibbon','method instance get_CssClass([Ribbon]Ribbon.SPRibbon):[IL2JS_mscorlib]System.String');
Method('Ribbon','Ribbon.Component','method instance get_ElementInternal([Ribbon]Ribbon.Component):[IL2JS_Html]Microsoft.LiveLabs.Html.HtmlElement');
Method('Ribbon','Ribbon.SPRibbon','method instance EnsureTopBars([Ribbon]Ribbon.SPRibbon)');
Type('IL2JS_Html','Microsoft.LiveLabs.Html.Span');
Method('IL2JS_Html','Microsoft.LiveLabs.Html.Span','method instance .ctor([IL2JS_Html]Microsoft.LiveLabs.Html.Span)');
Method('IL2JS_Html','Microsoft.LiveLabs.Html.Span','method instance .ctor([IL2JS_Html]Microsoft.LiveLabs.Html.Span,[IL2JS_mscorlib]Microsoft.LiveLabs.JavaScript.Interop.JSContext)');
Type('Ribbon','Ribbon.NativeUtility');
Method('Ribbon','Ribbon.NativeUtility','method static SetInnerText([IL2JS_Html]Microsoft.LiveLabs.Html.HtmlElement,[IL2JS_mscorlib]System.String)');
Method('Ribbon','Ribbon.SPRibbon','method instance EnsureTopBars1And2([Ribbon]Ribbon.SPRibbon)');
Method('Ribbon','Ribbon.SPRibbon','method instance EnsureQATPlaceholder([Ribbon]Ribbon.SPRibbon)');
Method('Ribbon','Ribbon.SPRibbon','method instance EnsureJewelPlaceholder([Ribbon]Ribbon.SPRibbon)');
Method('Ribbon','Ribbon.SPRibbon','method instance EnsureTabContainer([Ribbon]Ribbon.SPRibbon)');
Method('Ribbon','Ribbon.Utility','method static DisableElement([IL2JS_Html]Microsoft.LiveLabs.Html.HtmlElement)');
Method('Ribbon','Ribbon.SPRibbon','method instance EnsurePeripheralPlaceholders([Ribbon]Ribbon.SPRibbon)');
Method('Ribbon','Ribbon.Utility','method static RemoveChildNodesSlow([IL2JS_Html]Microsoft.LiveLabs.Html.DomNode)');
Method('Ribbon','Ribbon.SPRibbon','method instance Scale([Ribbon]Ribbon.SPRibbon):[IL2JS_mscorlib]System.Boolean');
Method('Ribbon','Ribbon.SPRibbon','method instance ScaleInternal([Ribbon]Ribbon.SPRibbon,[IL2JS_mscorlib]System.Boolean):[IL2JS_mscorlib]System.Boolean');
Method('Ribbon','Ribbon.Root','method instance GetDataCookieValue([Ribbon]Ribbon.Root,[IL2JS_mscorlib]System.String):[IL2JS_mscorlib]System.String');
Method('IL2JS_mscorlib','System.String','method instance Split([IL2JS_mscorlib]System.String,[IL2JS_mscorlib]$Array<[IL2JS_mscorlib]System.Char>,[IL2JS_mscorlib]System.Int32,[IL2JS_mscorlib]System.StringSplitOptions):[IL2JS_mscorlib]$Array<[IL2JS_mscorlib]System.String>');
Method('IL2JS_mscorlib','System.Collections.Generic.List`1','method instance ToArray([IL2JS_mscorlib]System.Collections.Generic.List`1<!0>):[IL2JS_mscorlib]$Array<!0>');
Method('Ribbon','Ribbon.SPRibbon','method instance RefreshInternal([Ribbon]Ribbon.SPRibbon)');
Type('IL2JS_mscorlib','System.Collections.Generic.Dictionary`2+ValueCollection+Enumerator');
Method('Ribbon','Ribbon.Root','method instance RefreshInternal([Ribbon]Ribbon.Root)');
Method('Ribbon','Ribbon.Component','method instance RefreshInternal([Ribbon]Ribbon.Component)');
Method('Ribbon','Ribbon.SPRibbon','method instance HandlePeripheralsAndTabTitles([Ribbon]Ribbon.SPRibbon)');
Method('Ribbon','Ribbon.Utility','method static SetUnselectable([IL2JS_Html]Microsoft.LiveLabs.Html.HtmlElement,[IL2JS_mscorlib]System.Boolean,[IL2JS_mscorlib]System.Boolean)');
Type('IL2JS_Html','Microsoft.LiveLabs.Html.UnorderedList');
Method('IL2JS_Html','Microsoft.LiveLabs.Html.UnorderedList','method instance .ctor([IL2JS_Html]Microsoft.LiveLabs.Html.UnorderedList)');
Method('IL2JS_Html','Microsoft.LiveLabs.Html.UnorderedList','method instance .ctor([IL2JS_Html]Microsoft.LiveLabs.Html.UnorderedList,[IL2JS_mscorlib]Microsoft.LiveLabs.JavaScript.Interop.JSContext)');
Type('IL2JS_mscorlib','System.Collections.Generic.Dictionary`2+ValueCollection');
Method('IL2JS_mscorlib','System.Collections.Generic.Dictionary`2+ValueCollection','method instance .ctor([IL2JS_mscorlib]System.Collections.Generic.Dictionary`2+ValueCollection<!0,!1>,[IL2JS_mscorlib]System.Collections.Generic.Dictionary`2<!0,!1>)');
Method('IL2JS_mscorlib','System.Collections.Generic.Dictionary`2+ValueCollection+Enumerator','method instance .ctor([IL2JS_mscorlib]$Pointer<[IL2JS_mscorlib]System.Collections.Generic.Dictionary`2+ValueCollection+Enumerator<!0,!1>>,[IL2JS_mscorlib]System.Collections.Generic.Dictionary`2<!0,!1>)');
Method('IL2JS_mscorlib','System.Collections.Generic.Dictionary`2','method instance get_Count([IL2JS_mscorlib]System.Collections.Generic.Dictionary`2<!0,!1>):[IL2JS_mscorlib]System.Int32');
Method('IL2JS_mscorlib','System.Collections.Generic.Dictionary`2','method instance PrimCopyToKeysDirect([IL2JS_mscorlib]System.Collections.Generic.Dictionary`2<!0,!1>,[IL2JS_mscorlib]$Array<!0>,[IL2JS_mscorlib]System.Int32)');
Method('IL2JS_mscorlib','System.Collections.Generic.Dictionary`2+ValueCollection+Enumerator','method instance MoveNext([IL2JS_mscorlib]$Pointer<[IL2JS_mscorlib]System.Collections.Generic.Dictionary`2+ValueCollection+Enumerator<!0,!1>>):[IL2JS_mscorlib]System.Boolean');
Method('IL2JS_mscorlib','System.Collections.Generic.Dictionary`2+ValueCollection+Enumerator','method instance get_Current([IL2JS_mscorlib]$Pointer<[IL2JS_mscorlib]System.Collections.Generic.Dictionary`2+ValueCollection+Enumerator<!0,!1>>):!1');
Method('Ribbon','Ribbon.ContextualGroup','method instance EnsureTabTitlesCleared([Ribbon]Ribbon.ContextualGroup)');
Method('IL2JS_mscorlib','System.Collections.Generic.Dictionary`2+ValueCollection+Enumerator','method instance Dispose([IL2JS_mscorlib]$Pointer<[IL2JS_mscorlib]System.Collections.Generic.Dictionary`2+ValueCollection+Enumerator<!0,!1>>)');
Method('Ribbon','Ribbon.Tab','method instance get_Visible([Ribbon]Ribbon.Tab):[IL2JS_mscorlib]System.Boolean');
Method('Ribbon','Ribbon.Component','method instance get_Visible([Ribbon]Ribbon.Component):[IL2JS_mscorlib]System.Boolean');
Method('Ribbon','Ribbon.Tab','method instance EnsureTitleRefreshed([Ribbon]Ribbon.Tab)');
Method('Ribbon','Ribbon.Tab','method instance EnsureTitleDOMElement([Ribbon]Ribbon.Tab)');
Method('IL2JS_Html','Microsoft.LiveLabs.Html.ListItem','method instance .ctor([IL2JS_Html]Microsoft.LiveLabs.Html.ListItem)');
Method('IL2JS_Html','Microsoft.LiveLabs.Html.Anchor','method instance .ctor([IL2JS_Html]Microsoft.LiveLabs.Html.Anchor)');
Method('Ribbon','Ribbon.Tab','method instance AttachEvents([Ribbon]Ribbon.Tab)');
Method('Ribbon','Ribbon.Component','method instance AttachEvents([Ribbon]Ribbon.Component)');
Method('Ribbon','Ribbon.Tab','method instance AttachTitleEvents([Ribbon]Ribbon.Tab)');
Method('Ribbon','Ribbon.Tab','method instance GetTitleCSSClassName([Ribbon]Ribbon.Tab):[IL2JS_mscorlib]System.String');
Method('IL2JS_mscorlib','System.Boolean','method instance ToString([IL2JS_mscorlib]$Pointer<[IL2JS_mscorlib]System.Boolean>):[IL2JS_mscorlib]System.String');
Method('Ribbon','Ribbon.Tab','method instance SetContextualText([Ribbon]Ribbon.Tab,[IL2JS_mscorlib]System.String,[IL2JS_mscorlib]System.String,[IL2JS_mscorlib]System.String,[IL2JS_mscorlib]System.Int32,[IL2JS_mscorlib]System.Int32)');
Method('Ribbon','Ribbon.Tab','method instance EnsureHiddenATDOMElement([Ribbon]Ribbon.Tab)');
Method('IL2JS_mscorlib','System.String','method static Format([IL2JS_mscorlib]System.String,[IL2JS_mscorlib]System.Object,[IL2JS_mscorlib]System.Object):[IL2JS_mscorlib]System.String');
Method('IL2JS_mscorlib','System.String','method static Format([IL2JS_mscorlib]System.String,[IL2JS_mscorlib]$Array<[IL2JS_mscorlib]System.Object>):[IL2JS_mscorlib]System.String');
Type('IL2JS_mscorlib','System.Text.StringBuilder');
Method('IL2JS_mscorlib','System.Text.StringBuilder','method instance .ctor([IL2JS_mscorlib]System.Text.StringBuilder)');
Method('IL2JS_mscorlib','System.Text.StringBuilder','method instance Append([IL2JS_mscorlib]System.Text.StringBuilder,[IL2JS_mscorlib]System.Char):[IL2JS_mscorlib]System.Text.StringBuilder');
Method('IL2JS_mscorlib','System.Text.StringBuilder','method instance Append([IL2JS_mscorlib]System.Text.StringBuilder,[IL2JS_mscorlib]System.String):[IL2JS_mscorlib]System.Text.StringBuilder');
Method('IL2JS_mscorlib','System.Text.StringBuilder','method instance ToString([IL2JS_mscorlib]System.Text.StringBuilder):[IL2JS_mscorlib]System.String');
Method('Ribbon','Ribbon.ContextualGroup','method instance get_ElementInternal([Ribbon]Ribbon.ContextualGroup):[IL2JS_Html]Microsoft.LiveLabs.Html.HtmlElement');
Method('Ribbon','Ribbon.ContextualGroup','method static GetColorNameForContextualTabColor([Ribbon]Ribbon.ContextualColor):[IL2JS_mscorlib]System.String');
Method('Ribbon','Ribbon.Utility','method static RemoveCSSClassFromElement([IL2JS_Html]Microsoft.LiveLabs.Html.HtmlElement,[IL2JS_mscorlib]System.String)');
Method('IL2JS_mscorlib','System.String','method instance Replace([IL2JS_mscorlib]System.String,[IL2JS_mscorlib]System.String,[IL2JS_mscorlib]System.String):[IL2JS_mscorlib]System.String');
Method('Ribbon','Ribbon.SPRibbon','method instance SetContextualColor([Ribbon]Ribbon.SPRibbon,[Ribbon]Ribbon.ContextualColor)');
Method('Ribbon','Ribbon.ContextualGroup','method instance AddTabTitleDOMElement([Ribbon]Ribbon.ContextualGroup,[IL2JS_Html]Microsoft.LiveLabs.Html.HtmlElement)');
Method('IL2JS_mscorlib','System.Collections.Generic.List`1','method instance get_Item([IL2JS_mscorlib]System.Collections.Generic.List`1<!0>,[IL2JS_mscorlib]System.Int32):!0');
Method('IL2JS_mscorlib','System.String','method static Format([IL2JS_mscorlib]System.String,[IL2JS_mscorlib]System.Object,[IL2JS_mscorlib]System.Object,[IL2JS_mscorlib]System.Object):[IL2JS_mscorlib]System.String');
Method('IL2JS_mscorlib','System.String','method instance ToString([IL2JS_mscorlib]System.String):[IL2JS_mscorlib]System.String');
Method('Ribbon','Ribbon.SPRibbon','method instance UpdateDOMForSelectedTab([Ribbon]Ribbon.SPRibbon)');
Method('Ribbon','Ribbon.Tab','method instance EnsureDOMElement([Ribbon]Ribbon.Tab)');
Method('Ribbon','Ribbon.Tab','method instance get_DOMElementTagName([Ribbon]Ribbon.Tab):[IL2JS_mscorlib]System.String');
Method('Ribbon','Ribbon.Tab','method instance get_CssClass([Ribbon]Ribbon.Tab):[IL2JS_mscorlib]System.String');
Method('Ribbon','Ribbon.Tab','method instance GetBodyCSSClassName([Ribbon]Ribbon.Tab):[IL2JS_mscorlib]System.String');
Method('Ribbon','Ribbon.Component','method instance EnsureRefreshed([Ribbon]Ribbon.Component)');
Method('Ribbon','Ribbon.Tab','method instance RefreshInternal([Ribbon]Ribbon.Tab)');
Method('Ribbon','Ribbon.Component','method instance EnsureDOMElementAndEmpty([Ribbon]Ribbon.Component)');
Method('Ribbon','Ribbon.Utility','method static RemoveChildNodes([IL2JS_Html]Microsoft.LiveLabs.Html.HtmlElement):[IL2JS_Html]Microsoft.LiveLabs.Html.HtmlElement');
Method('Ribbon','Ribbon.Component','method instance set_ElementInternal([Ribbon]Ribbon.Component,[IL2JS_Html]Microsoft.LiveLabs.Html.HtmlElement)');
Method('IL2JS_mscorlib','System.String','method instance TrimEnd([IL2JS_mscorlib]System.String,[IL2JS_mscorlib]$Array<[IL2JS_mscorlib]System.Char>):[IL2JS_mscorlib]System.String');
Method('IL2JS_mscorlib','System.String','method instance TrimHelper([IL2JS_mscorlib]System.String,[IL2JS_mscorlib]$Array<[IL2JS_mscorlib]System.Char>,[IL2JS_mscorlib]System.Int32):[IL2JS_mscorlib]System.String');
Method('Ribbon','Ribbon.Component','method instance AppendChildrenToElement([Ribbon]Ribbon.Component,[IL2JS_Html]Microsoft.LiveLabs.Html.HtmlElement)');
Method('Ribbon','Ribbon.Group','method instance EnsureDOMElement([Ribbon]Ribbon.Group)');
Method('Ribbon','Ribbon.Group','method instance get_DOMElementTagName([Ribbon]Ribbon.Group):[IL2JS_mscorlib]System.String');
Method('Ribbon','Ribbon.Group','method instance get_CssClass([Ribbon]Ribbon.Group):[IL2JS_mscorlib]System.String');
Method('Ribbon','Ribbon.Group','method instance RefreshInternal([Ribbon]Ribbon.Group)');
Type('Ribbon','Ribbon.GroupPopupLayout');
Method('Ribbon','Ribbon.Component','method instance get_DOMElementTagName([Ribbon]Ribbon.Component):[IL2JS_mscorlib]System.String');
Method('Ribbon','Ribbon.Layout','method instance get_CssClass([Ribbon]Ribbon.Layout):[IL2JS_mscorlib]System.String');
Method('Ribbon','Ribbon.Layout','method instance RefreshInternal([Ribbon]Ribbon.Layout)');
Method('Ribbon','Ribbon.Component','method instance get_NeedsDelayIniting([Ribbon]Ribbon.Component):[IL2JS_mscorlib]System.Boolean');
Method('Ribbon','Ribbon.Component','method instance DoDelayedInit([Ribbon]Ribbon.Component)');
Method('Ribbon','Ribbon.DeclarativeTemplate','method instance DelayInitLayout([Ribbon]Ribbon.DeclarativeTemplate,[Ribbon]Ribbon.Component,[IL2JS_mscorlib]System.Object,[IL2JS_mscorlib]System.Object):[Ribbon]Ribbon.Component');
Method('Ribbon','Ribbon.DeclarativeTemplate','method instance FillLayout([Ribbon]Ribbon.DeclarativeTemplate,[IL2JS_mscorlib]System.Object,[Ribbon]Ribbon.Layout,[Ribbon]Ribbon.DeclarativeTemplateBuildContext)');
Method('Ribbon','Ribbon.DeclarativeTemplate','method instance HandleOverflow([Ribbon]Ribbon.DeclarativeTemplate,[IL2JS_mscorlib]System.Object,[Ribbon]Ribbon.DeclarativeTemplateBuildContext,[Ribbon]Ribbon.Component,[IL2JS_mscorlib]System.Int32):[IL2JS_mscorlib]System.Int32');
Type('Ribbon','Ribbon.Section');
Method('IL2JS_mscorlib','System.String','method static Concat([IL2JS_mscorlib]System.Object,[IL2JS_mscorlib]System.Object,[IL2JS_mscorlib]System.Object):[IL2JS_mscorlib]System.String');
Method('Ribbon','Ribbon.Section','method instance .ctor([Ribbon]Ribbon.Section,[Ribbon]Ribbon.SPRibbon,[IL2JS_mscorlib]System.String,[Ribbon]Ribbon.SectionType,[Ribbon]Ribbon.SectionAlignment)');
Type('Ribbon','Ribbon.Row');
Method('Ribbon','Ribbon.Row','method instance .ctor([Ribbon]Ribbon.Row,[Ribbon]Ribbon.SPRibbon,[IL2JS_mscorlib]System.String)');
Method('Ribbon','Ribbon.Layout','method instance EnsureCorrectChildType([Ribbon]Ribbon.Layout,[Ribbon]Ribbon.Component)');
Method('Ribbon','Ribbon.Section','method instance GetRow([Ribbon]Ribbon.Section,[IL2JS_mscorlib]System.Int32):[Ribbon]Ribbon.Row');
Method('Ribbon','Ribbon.Control','method instance CreateComponentForDisplayMode([Ribbon]Ribbon.Control,[IL2JS_mscorlib]System.String):[Ribbon]Ribbon.ControlComponent');
Method('Ribbon','Ribbon.Control','method instance CreateComponentForDisplayModeInternal([Ribbon]Ribbon.Control,[IL2JS_mscorlib]System.String):[Ribbon]Ribbon.ControlComponent');
Method('IL2JS_mscorlib','System.String','method static Concat([IL2JS_mscorlib]$Array<[IL2JS_mscorlib]System.Object>):[IL2JS_mscorlib]System.String');
Method('IL2JS_mscorlib','System.String','method static Concat([IL2JS_mscorlib]$Array<[IL2JS_mscorlib]System.String>):[IL2JS_mscorlib]System.String');
Method('Ribbon','Ribbon.ControlComponent','method instance .ctor([Ribbon]Ribbon.ControlComponent,[Ribbon]Ribbon.Root,[IL2JS_mscorlib]System.String,[IL2JS_mscorlib]System.String,[Ribbon]Ribbon.Control)');
Method('Ribbon','Ribbon.ControlComponent','method instance CreateChildArray([Ribbon]Ribbon.ControlComponent)');
Method('Ribbon','Ribbon.Row','method instance EnsureCorrectChildType([Ribbon]Ribbon.Row,[Ribbon]Ribbon.Component)');
Type('Ribbon','Ribbon.Strip');
Method('Ribbon','Ribbon.Controls.Button','method instance CreateComponentForDisplayModeInternal([Ribbon]Ribbon.Controls.Button,[IL2JS_mscorlib]System.String):[Ribbon]Ribbon.ControlComponent');
Method('IL2JS_mscorlib','System.String','method instance StartsWith([IL2JS_mscorlib]System.String,[IL2JS_mscorlib]System.String,[IL2JS_mscorlib]System.StringComparison):[IL2JS_mscorlib]System.Boolean');
Method('IL2JS_mscorlib','System.String','method static Equals([IL2JS_mscorlib]System.String,[IL2JS_mscorlib]System.String,[IL2JS_mscorlib]System.StringComparison):[IL2JS_mscorlib]System.Boolean');
Method('IL2JS_mscorlib','System.String','method static Equals([IL2JS_mscorlib]System.String,[IL2JS_mscorlib]System.String):[IL2JS_mscorlib]System.Boolean');
Method('Ribbon','Ribbon.Component','method instance OnDelayedInitFinished([Ribbon]Ribbon.Component,[IL2JS_mscorlib]System.Boolean)');
Method('Ribbon','Ribbon.Section','method instance EnsureDOMElement([Ribbon]Ribbon.Section)');
Method('Ribbon','Ribbon.Section','method instance get_DOMElementTagName([Ribbon]Ribbon.Section):[IL2JS_mscorlib]System.String');
Method('Ribbon','Ribbon.Section','method instance get_CssClass([Ribbon]Ribbon.Section):[IL2JS_mscorlib]System.String');
Method('Ribbon','Ribbon.Section','method instance RefreshInternal([Ribbon]Ribbon.Section)');
Method('Ribbon','Ribbon.Row','method instance get_DOMElementTagName([Ribbon]Ribbon.Row):[IL2JS_mscorlib]System.String');
Method('Ribbon','Ribbon.Row','method instance get_CssClass([Ribbon]Ribbon.Row):[IL2JS_mscorlib]System.String');
Method('Ribbon','Ribbon.Row','method instance RefreshInternal([Ribbon]Ribbon.Row)');
Method('Ribbon','Ribbon.Component','method instance get_CssClass([Ribbon]Ribbon.Component):[IL2JS_mscorlib]System.String');
Method('Ribbon','Ribbon.ControlComponent','method instance RefreshInternal([Ribbon]Ribbon.ControlComponent)');
Method('Ribbon','Ribbon.ControlComponent','method instance get_ElementInternal([Ribbon]Ribbon.ControlComponent):[IL2JS_Html]Microsoft.LiveLabs.Html.HtmlElement');
Method('Ribbon','Ribbon.Control','method instance GetDOMElementForDisplayMode([Ribbon]Ribbon.Control,[IL2JS_mscorlib]System.String):[IL2JS_Html]Microsoft.LiveLabs.Html.HtmlElement');
Method('Ribbon','Ribbon.Control','method instance EnsureValidDisplayMode([Ribbon]Ribbon.Control,[IL2JS_mscorlib]System.String)');
Method('Ribbon','Ribbon.Controls.SplitButton','method instance CreateDOMElementForDisplayMode([Ribbon]Ribbon.Controls.SplitButton,[IL2JS_mscorlib]System.String):[IL2JS_Html]Microsoft.LiveLabs.Html.HtmlElement');
Method('Ribbon','Ribbon.Control','method static CreateTwoAnchorControlDOMElementCore([Ribbon]Ribbon.Control,[Ribbon]Ribbon.Root,[IL2JS_mscorlib]System.String,[IL2JS_mscorlib]System.String,[IL2JS_mscorlib]System.String,[IL2JS_mscorlib]System.String,[IL2JS_mscorlib]System.String,[IL2JS_mscorlib]System.String,[IL2JS_mscorlib]System.String,[IL2JS_mscorlib]System.String,[IL2JS_mscorlib]System.String,[IL2JS_mscorlib]System.String,[IL2JS_mscorlib]System.String,[IL2JS_mscorlib]System.String,[IL2JS_mscorlib]System.String,[IL2JS_mscorlib]System.Boolean):[IL2JS_Html]Microsoft.LiveLabs.Html.Span');
Type('IL2JS_Html','Microsoft.LiveLabs.Html.Image');
Method('Ribbon','Ribbon.Controls.SplitButton','method instance get_ControlType([Ribbon]Ribbon.Controls.SplitButton):[IL2JS_mscorlib]System.String');
Method('Ribbon','Ribbon.Utility','method static CreateNoOpLink():[IL2JS_Html]Microsoft.LiveLabs.Html.Anchor');
Method('Ribbon','Ribbon.Control','method instance get_AriaRole([Ribbon]Ribbon.Control):[IL2JS_mscorlib]System.String');
Method('IL2JS_Html','Microsoft.LiveLabs.Html.Image','method instance .ctor([IL2JS_Html]Microsoft.LiveLabs.Html.Image)');
Method('IL2JS_Html','Microsoft.LiveLabs.Html.Image','method instance .ctor([IL2JS_Html]Microsoft.LiveLabs.Html.Image,[IL2JS_mscorlib]Microsoft.LiveLabs.JavaScript.Interop.JSContext)');
Method('Ribbon','Ribbon.Utility','method static CreateClusteredImageContainerNew([Ribbon]Ribbon.ImgContainerSize,[IL2JS_mscorlib]System.String,[IL2JS_mscorlib]System.String,[IL2JS_Html]Microsoft.LiveLabs.Html.Image,[IL2JS_mscorlib]System.Boolean,[IL2JS_mscorlib]System.Boolean,[IL2JS_mscorlib]System.String,[IL2JS_mscorlib]System.String):[IL2JS_Html]Microsoft.LiveLabs.Html.Span');
Method('Ribbon','Ribbon.Utility','method static CreateHiddenLabel([IL2JS_mscorlib]System.String):[IL2JS_Html]Microsoft.LiveLabs.Html.Label');
Type('IL2JS_Html','Microsoft.LiveLabs.Html.Label');
Method('IL2JS_Html','Microsoft.LiveLabs.Html.Label','method instance .ctor([IL2JS_Html]Microsoft.LiveLabs.Html.Label)');
Method('IL2JS_Html','Microsoft.LiveLabs.Html.Label','method instance .ctor([IL2JS_Html]Microsoft.LiveLabs.Html.Label,[IL2JS_mscorlib]Microsoft.LiveLabs.JavaScript.Interop.JSContext)');
Method('Ribbon','Ribbon.Utility','method static FixLargeControlText([IL2JS_mscorlib]System.String,[IL2JS_mscorlib]System.Boolean):[IL2JS_mscorlib]System.String');
Method('IL2JS_mscorlib','System.String','method instance LastIndexOf([IL2JS_mscorlib]System.String,[IL2JS_mscorlib]System.String,[IL2JS_mscorlib]System.Int32):[IL2JS_mscorlib]System.Int32');
Method('IL2JS_mscorlib','System.String','method instance LastIndexOf([IL2JS_mscorlib]System.String,[IL2JS_mscorlib]System.Char,[IL2JS_mscorlib]System.Int32):[IL2JS_mscorlib]System.Int32');
Method('Ribbon','Ribbon.Utility','method static HtmlEncode([IL2JS_mscorlib]System.String):[IL2JS_mscorlib]System.String');
Method('IL2JS_mscorlib','System.Char','method instance ToString([IL2JS_mscorlib]$Pointer<[IL2JS_mscorlib]System.Char>):[IL2JS_mscorlib]System.String');
Method('Ribbon','Ribbon.Controls.SplitButton','method instance AttachDOMElementsForDisplayMode([Ribbon]Ribbon.Controls.SplitButton,[IL2JS_mscorlib]System.String)');
Type('IL2JS_Html','Microsoft.LiveLabs.Html.HtmlElementCollection');
Method('IL2JS_Html','Microsoft.LiveLabs.Html.HtmlElementCollection','method instance .ctor([IL2JS_Html]Microsoft.LiveLabs.Html.HtmlElementCollection,[IL2JS_mscorlib]Microsoft.LiveLabs.JavaScript.Interop.JSContext)');
Method('IL2JS_Html','Microsoft.LiveLabs.Html.HtmlElementCollection','method instance GetEnumerator([IL2JS_Html]Microsoft.LiveLabs.Html.HtmlElementCollection):[IL2JS_mscorlib]System.Collections.Generic.IEnumerator`1<[IL2JS_Html]Microsoft.LiveLabs.Html.HtmlElement>');
Type('IL2JS_Html','Microsoft.LiveLabs.Html.HtmlElementCollection+<GetEnumerator>d__0');
Method('IL2JS_Html','Microsoft.LiveLabs.Html.HtmlElementCollection+<GetEnumerator>d__0','method instance .ctor([IL2JS_Html]Microsoft.LiveLabs.Html.HtmlElementCollection+<GetEnumerator>d__0,[IL2JS_mscorlib]System.Int32)');
Type('IL2JS_mscorlib','System.Collections.IEnumerator');
Method('IL2JS_Html','Microsoft.LiveLabs.Html.HtmlElementCollection+<GetEnumerator>d__0','method instance MoveNext([IL2JS_Html]Microsoft.LiveLabs.Html.HtmlElementCollection+<GetEnumerator>d__0):[IL2JS_mscorlib]System.Boolean');
Type('IL2JS_mscorlib','System.Collections.Generic.IEnumerator`1');
Method('IL2JS_Html','Microsoft.LiveLabs.Html.HtmlElementCollection+<GetEnumerator>d__0','method instance System.Collections.Generic.IEnumerator<Microsoft.LiveLabs.Html.HtmlElement>.get_Current([IL2JS_Html]Microsoft.LiveLabs.Html.HtmlElementCollection+<GetEnumerator>d__0):[IL2JS_Html]Microsoft.LiveLabs.Html.HtmlElement');
Method('IL2JS_Html','Microsoft.LiveLabs.Html.HtmlElementCollection+<GetEnumerator>d__0','method instance System.IDisposable.Dispose([IL2JS_Html]Microsoft.LiveLabs.Html.HtmlElementCollection+<GetEnumerator>d__0)');
Method('Ribbon','Ribbon.Controls.SplitButton','method instance AttachEventsForDisplayMode([Ribbon]Ribbon.Controls.SplitButton,[IL2JS_mscorlib]System.String)');
Method('Ribbon','Ribbon.Controls.SplitButton','method instance AttachEvents([Ribbon]Ribbon.Controls.SplitButton,[IL2JS_mscorlib]System.String)');
Method('Ribbon','Ribbon.Control','method instance RefreshDOMElements([Ribbon]Ribbon.Control)');
Method('Ribbon','Ribbon.Control','method instance OnStateChanged([Ribbon]Ribbon.Control)');
Method('Ribbon','Ribbon.Controls.SplitButton','method instance OnEnabledChanged([Ribbon]Ribbon.Controls.SplitButton,[IL2JS_mscorlib]System.Boolean)');
Method('Ribbon','Ribbon.Controls.SplitButton','method instance OnEnabledChangedForControl([Ribbon]Ribbon.Controls.SplitButton,[IL2JS_mscorlib]System.Boolean)');
Method('Ribbon','Ribbon.Controls.SplitButton','method instance OnEnabledChangedForButton([Ribbon]Ribbon.Controls.SplitButton,[IL2JS_mscorlib]System.Boolean)');
Method('Ribbon','Ribbon.Utility','method static SetEnabledOnElement([IL2JS_Html]Microsoft.LiveLabs.Html.HtmlElement,[IL2JS_mscorlib]System.Boolean)');
Method('Ribbon','Ribbon.Controls.SplitButton','method instance RemoveHighlightButton([Ribbon]Ribbon.Controls.SplitButton)');
Method('Ribbon','Ribbon.Control','method instance GetDisplayedComponentElement([Ribbon]Ribbon.Control):[IL2JS_Html]Microsoft.LiveLabs.Html.HtmlElement');
Method('Ribbon','Ribbon.Control','method instance get_DisplayedComponent([Ribbon]Ribbon.Control):[Ribbon]Ribbon.ControlComponent');
Method('Ribbon','Ribbon.Component','method instance get_VisibleInDOM([Ribbon]Ribbon.Component):[IL2JS_mscorlib]System.Boolean');
Method('Ribbon','Ribbon.Layout','method instance get_VisibleInDOM([Ribbon]Ribbon.Layout):[IL2JS_mscorlib]System.Boolean');
Method('Ribbon','Ribbon.Controls.SplitButton','method instance OnEnabledChangedForMenu([Ribbon]Ribbon.Controls.SplitButton,[IL2JS_mscorlib]System.Boolean)');
Method('Ribbon','Ribbon.Controls.SplitButton','method instance RemoveHighlightMenuButton([Ribbon]Ribbon.Controls.SplitButton)');
Method('Ribbon','Ribbon.Controls.Button','method instance CreateDOMElementForDisplayMode([Ribbon]Ribbon.Controls.Button,[IL2JS_mscorlib]System.String):[IL2JS_Html]Microsoft.LiveLabs.Html.HtmlElement');
Method('Ribbon','Ribbon.Controls.Button','method instance CreateDOMElementForDisplayModeCore([Ribbon]Ribbon.Controls.Button,[IL2JS_mscorlib]System.String,[IL2JS_mscorlib]System.Boolean):[IL2JS_Html]Microsoft.LiveLabs.Html.Anchor');
Method('Ribbon','Ribbon.Controls.Button','method instance GetLabel([Ribbon]Ribbon.Controls.Button):[IL2JS_mscorlib]System.String');
Method('Ribbon','Ribbon.Control','method static CreateStandardControlDOMElement([Ribbon]Ribbon.Control,[Ribbon]Ribbon.Root,[IL2JS_mscorlib]System.String,[Ribbon]Ribbon.ControlProperties,[IL2JS_mscorlib]System.Boolean,[IL2JS_mscorlib]System.Boolean):[IL2JS_Html]Microsoft.LiveLabs.Html.Anchor');
Method('Ribbon','Ribbon.Control','method static CreateStandardControlDOMElementCore([Ribbon]Ribbon.Control,[Ribbon]Ribbon.Root,[IL2JS_mscorlib]System.String,[IL2JS_mscorlib]System.String,[IL2JS_mscorlib]System.String,[IL2JS_mscorlib]System.String,[IL2JS_mscorlib]System.String,[IL2JS_mscorlib]System.String,[IL2JS_mscorlib]System.String,[IL2JS_mscorlib]System.String,[IL2JS_mscorlib]System.String,[IL2JS_mscorlib]System.String,[IL2JS_mscorlib]System.String,[IL2JS_mscorlib]System.String,[IL2JS_mscorlib]System.String,[IL2JS_mscorlib]System.String,[IL2JS_mscorlib]System.String,[IL2JS_mscorlib]System.Boolean,[IL2JS_mscorlib]System.Boolean):[IL2JS_Html]Microsoft.LiveLabs.Html.Anchor');
Method('Ribbon','Ribbon.Controls.Button','method instance get_ControlType([Ribbon]Ribbon.Controls.Button):[IL2JS_mscorlib]System.String');
Method('Ribbon','Ribbon.Controls.Button','method instance AttachEventsForDisplayMode([Ribbon]Ribbon.Controls.Button,[IL2JS_mscorlib]System.String)');
Method('Ribbon','Ribbon.Controls.Button','method instance AttachEvents([Ribbon]Ribbon.Controls.Button,[IL2JS_Html]Microsoft.LiveLabs.Html.HtmlElement,[IL2JS_mscorlib]System.Boolean)');
Method('Ribbon','Ribbon.Controls.Button','method instance OnEnabledChanged([Ribbon]Ribbon.Controls.Button,[IL2JS_mscorlib]System.Boolean)');
Method('Ribbon','Ribbon.Controls.Button','method instance RemoveHighlight([Ribbon]Ribbon.Controls.Button)');
Method('Ribbon','Ribbon.Section','method instance AppendRow([Ribbon]Ribbon.Section,[IL2JS_mscorlib]System.Collections.Generic.List`1<[Ribbon]Ribbon.Component>,[IL2JS_mscorlib]System.Int32)');
Method('Ribbon','Ribbon.Controls.FlyoutAnchor','method instance CreateComponentForDisplayModeInternal([Ribbon]Ribbon.Controls.FlyoutAnchor,[IL2JS_mscorlib]System.String):[Ribbon]Ribbon.ControlComponent');
Method('Ribbon','Ribbon.Controls.FlyoutAnchor','method instance CreateDOMElementForDisplayMode([Ribbon]Ribbon.Controls.FlyoutAnchor,[IL2JS_mscorlib]System.String):[IL2JS_Html]Microsoft.LiveLabs.Html.HtmlElement');
Method('Ribbon','Ribbon.Controls.FlyoutAnchor','method instance get_ControlType([Ribbon]Ribbon.Controls.FlyoutAnchor):[IL2JS_mscorlib]System.String');
Method('Ribbon','Ribbon.Controls.FlyoutAnchor','method instance AttachEventsForDisplayMode([Ribbon]Ribbon.Controls.FlyoutAnchor,[IL2JS_mscorlib]System.String)');
Method('Ribbon','Ribbon.Controls.FlyoutAnchor','method instance GetDisplayedDOMElement([Ribbon]Ribbon.Controls.FlyoutAnchor,[IL2JS_mscorlib]System.String):[IL2JS_Html]Microsoft.LiveLabs.Html.Anchor');
Method('Ribbon','Ribbon.Controls.FlyoutAnchor','method instance OnEnabledChanged([Ribbon]Ribbon.Controls.FlyoutAnchor,[IL2JS_mscorlib]System.Boolean)');
Method('Ribbon','Ribbon.Component','method instance RaiseCommandEvent([Ribbon]Ribbon.Component,[IL2JS_mscorlib]System.String,[Ribbon]Ribbon.CommandType,[IL2JS_mscorlib]System.Collections.Generic.Dictionary`2<[IL2JS_mscorlib]System.String,[IL2JS_mscorlib]System.String>)');
Type('Ribbon','Ribbon.CommandEventArgs');
Type('IL2JS_mscorlib','System.EventArgs');
Method('IL2JS_mscorlib','System.EventArgs','method static .cctor()');
Method('IL2JS_mscorlib','System.EventArgs','method instance .ctor([IL2JS_mscorlib]System.EventArgs)');
Method('Ribbon','Ribbon.CommandEventArgs','method instance .ctor([Ribbon]Ribbon.CommandEventArgs,[IL2JS_mscorlib]System.String,[Ribbon]Ribbon.CommandType,[Ribbon]Ribbon.Component,[IL2JS_mscorlib]System.Collections.Generic.Dictionary`2<[IL2JS_mscorlib]System.String,[IL2JS_mscorlib]System.String>)');
Method('Ribbon','Ribbon.Component','method instance PropagateCommandEvent([Ribbon]Ribbon.Component,[Ribbon]Ribbon.CommandEventArgs)');
Method('Ribbon','Ribbon.SPRibbon','method instance OnPreBubbleCommand([Ribbon]Ribbon.SPRibbon,[Ribbon]Ribbon.CommandEventArgs):[IL2JS_mscorlib]System.Boolean');
Method('Ribbon','Ribbon.CommandEventArgs','method instance get_CommandInfo([Ribbon]Ribbon.CommandEventArgs):[Ribbon]Ribbon.CommandInformation');
Type('Ribbon','Ribbon.CommandInformation');
Method('Ribbon','Ribbon.CommandInformation','method instance .ctor([Ribbon]Ribbon.CommandInformation)');
Method('Ribbon','Ribbon.Root','method instance OnPreBubbleCommand([Ribbon]Ribbon.Root,[Ribbon]Ribbon.CommandEventArgs):[IL2JS_mscorlib]System.Boolean');
Method('Ribbon','Ribbon.Root','method instance ExecuteCommand([Ribbon]Ribbon.Root,[Ribbon]Ribbon.CommandEventArgs)');
Method('Ribbon','Ribbon.SPRibbon','method instance get_RootType([Ribbon]Ribbon.SPRibbon):[IL2JS_mscorlib]System.String');
Method('Ribbon','Ribbon.SPRibbon','method instance get_RootUser([Ribbon]Ribbon.SPRibbon):[Ribbon]Ribbon.RootUser');
Method('Ribbon','Ribbon.Root','method instance get_RootUser([Ribbon]Ribbon.Root):[Ribbon]Ribbon.RootUser');
Method('Ribbon','Ribbon.Page.PageManager','method instance ExecuteRootCommand([Ribbon]Ribbon.Page.PageManager,[IL2JS_mscorlib]System.String,[IL2JS_mscorlib]System.Collections.Generic.Dictionary`2<[IL2JS_mscorlib]System.String,[IL2JS_mscorlib]System.String>,[Ribbon]Ribbon.CommandInformation,[Ribbon]Ribbon.Root):[IL2JS_mscorlib]System.Boolean');
Method('Ribbon','Ribbon.Page.CommandDispatcher','method instance ExecuteCommand([Ribbon]Ribbon.Page.CommandDispatcher,[IL2JS_mscorlib]System.String,[IL2JS_mscorlib]System.Collections.Generic.Dictionary`2<[IL2JS_mscorlib]System.String,[IL2JS_mscorlib]System.String>):[IL2JS_mscorlib]System.Boolean');
Method('Ribbon','Ribbon.Page.CommandDispatcher','method instance GetNextSequenceNumber([Ribbon]Ribbon.Page.CommandDispatcher):[IL2JS_mscorlib]System.Int32');
Method('Ribbon','Ribbon.Page.CommandDispatcher','method instance ExecuteCommandInternal([Ribbon]Ribbon.Page.CommandDispatcher,[IL2JS_mscorlib]System.String,[IL2JS_mscorlib]System.Collections.Generic.Dictionary`2<[IL2JS_mscorlib]System.String,[IL2JS_mscorlib]System.String>,[IL2JS_mscorlib]System.Int32):[IL2JS_mscorlib]System.Boolean');
Method('Ribbon','Ribbon.Page.CommandDispatcher','method instance CallCommandHandler([Ribbon]Ribbon.Page.CommandDispatcher,[Ribbon]Ribbon.Page.ICommandHandler,[IL2JS_mscorlib]System.String,[IL2JS_mscorlib]System.Collections.Generic.Dictionary`2<[IL2JS_mscorlib]System.String,[IL2JS_mscorlib]System.String>,[IL2JS_mscorlib]System.Int32):[IL2JS_mscorlib]System.Boolean');
Method('Ribbon','Ribbon.TestPageComponent','method instance HandleCommand([Ribbon]Ribbon.TestPageComponent,[IL2JS_mscorlib]System.String,[IL2JS_mscorlib]System.Collections.Generic.Dictionary`2<[IL2JS_mscorlib]System.String,[IL2JS_mscorlib]System.String>,[IL2JS_mscorlib]System.Int32):[IL2JS_mscorlib]System.Boolean');
Method('Ribbon','Ribbon.Component','method instance OnPostBubbleCommand([Ribbon]Ribbon.Component,[Ribbon]Ribbon.CommandEventArgs)');
Method('Ribbon','Ribbon.Component','method instance get_RootPolledSinceLastPoll([Ribbon]Ribbon.Component):[IL2JS_mscorlib]System.Boolean');
Method('Ribbon','Ribbon.Component','method instance get_LastPollTime([Ribbon]Ribbon.Component):[IL2JS_mscorlib]System.DateTime');
Method('IL2JS_mscorlib','System.DateTime','method static Compare([IL2JS_mscorlib]System.DateTime,[IL2JS_mscorlib]System.DateTime):[IL2JS_mscorlib]System.Int32');
Method('Ribbon','Ribbon.Tab','method instance GetContainerCSSClassName([Ribbon]Ribbon.Tab):[IL2JS_mscorlib]System.String');
Method('Ribbon','Ribbon.SPRibbon','method instance AttachEvents([Ribbon]Ribbon.SPRibbon)');
Method('Ribbon','Ribbon.SPRibbon','method instance set_WindowResizedHandlerEnabled([Ribbon]Ribbon.SPRibbon,[IL2JS_mscorlib]System.Boolean)');
Method('Ribbon','Ribbon.SPRibbon','method instance GetHorizontalScaleRoom([Ribbon]Ribbon.SPRibbon):[IL2JS_mscorlib]System.Int32');
Method('Ribbon','Ribbon.Tab','method instance GetNeededWidth([Ribbon]Ribbon.Tab):[IL2JS_mscorlib]System.Int32');
Type('IL2JS_Html','Microsoft.LiveLabs.Html.DomNodeCollection');
Method('IL2JS_Html','Microsoft.LiveLabs.Html.DomNodeCollection','method instance .ctor([IL2JS_Html]Microsoft.LiveLabs.Html.DomNodeCollection,[IL2JS_mscorlib]Microsoft.LiveLabs.JavaScript.Interop.JSContext)');
Method('Ribbon','Ribbon.Tab','method instance ScaleDown([Ribbon]Ribbon.Tab):[IL2JS_mscorlib]System.Boolean');
Method('Ribbon','Ribbon.Tab','method instance ScaleDownInternal([Ribbon]Ribbon.Tab):[IL2JS_mscorlib]System.Boolean');
Method('Ribbon','Ribbon.SPRibbon','method instance GetVerticalScaleRoom([Ribbon]Ribbon.SPRibbon):[IL2JS_mscorlib]System.Int32');
Method('Ribbon','Ribbon.Tab','method instance get_Overflowing([Ribbon]Ribbon.Tab):[IL2JS_mscorlib]System.Boolean');
Method('Ribbon','Ribbon.Utility','method static GetElementPosition([IL2JS_Html]Microsoft.LiveLabs.Html.HtmlElement):[Ribbon]Ribbon.Bounds');
Type('IL2JS_Html','Microsoft.LiveLabs.Html.Body');
Method('IL2JS_Html','Microsoft.LiveLabs.Html.Body','method instance .ctor([IL2JS_Html]Microsoft.LiveLabs.Html.Body,[IL2JS_mscorlib]Microsoft.LiveLabs.JavaScript.Interop.JSContext)');
Type('Ribbon','Ribbon.Bounds');
Method('Ribbon','Ribbon.Bounds','method instance .ctor([Ribbon]Ribbon.Bounds,[IL2JS_mscorlib]System.Int32,[IL2JS_mscorlib]System.Int32,[IL2JS_mscorlib]System.Int32,[IL2JS_mscorlib]System.Int32)');
Method('Ribbon','Ribbon.Group','method instance get_Overflowing([Ribbon]Ribbon.Group):[IL2JS_mscorlib]System.Boolean');
Method('Ribbon','Ribbon.SPRibbon','method instance StoreTabScaleCookie([Ribbon]Ribbon.SPRibbon)');
Method('Ribbon','Ribbon.Root','method instance StoreDataCookie([Ribbon]Ribbon.Root,[IL2JS_mscorlib]System.String,[IL2JS_mscorlib]System.String)');
Method('IL2JS_mscorlib','System.DateTime','method instance ToString([IL2JS_mscorlib]$Pointer<[IL2JS_mscorlib]System.DateTime>):[IL2JS_mscorlib]System.String');
Method('IL2JS_mscorlib','System.DateTime','method instance get_Month([IL2JS_mscorlib]$Pointer<[IL2JS_mscorlib]System.DateTime>):[IL2JS_mscorlib]System.Int32');
Method('IL2JS_mscorlib','System.DateTime','method instance get_Day([IL2JS_mscorlib]$Pointer<[IL2JS_mscorlib]System.DateTime>):[IL2JS_mscorlib]System.Int32');
Method('IL2JS_mscorlib','System.DateTime','method instance get_Year([IL2JS_mscorlib]$Pointer<[IL2JS_mscorlib]System.DateTime>):[IL2JS_mscorlib]System.Int32');
Method('IL2JS_mscorlib','System.DateTime','method instance get_Hour([IL2JS_mscorlib]$Pointer<[IL2JS_mscorlib]System.DateTime>):[IL2JS_mscorlib]System.Int32');
Method('IL2JS_mscorlib','System.DateTime','method instance get_Minute([IL2JS_mscorlib]$Pointer<[IL2JS_mscorlib]System.DateTime>):[IL2JS_mscorlib]System.Int32');
Method('IL2JS_mscorlib','System.DateTime','method instance get_Second([IL2JS_mscorlib]$Pointer<[IL2JS_mscorlib]System.DateTime>):[IL2JS_mscorlib]System.Int32');
Method('Ribbon','Ribbon.SPRibbon','method instance ScaleHeader([Ribbon]Ribbon.SPRibbon)');
Method('Ribbon','Ribbon.SPRibbon','method instance ShouldFixRtlHeader([Ribbon]Ribbon.SPRibbon):[IL2JS_mscorlib]System.Boolean');
Method('Ribbon','Ribbon.Builder','method instance OnRootBuilt([Ribbon]Ribbon.Builder,[Ribbon]Ribbon.Root)');
Method('Ribbon','Ribbon.Page.PageManager','method instance OnComponentBuilt([Ribbon]Ribbon.Page.PageManager,[Ribbon]Ribbon.Root,[IL2JS_mscorlib]System.String)');
Method('Ribbon','Ribbon.Page.PageManager','method instance PollRootState([Ribbon]Ribbon.Page.PageManager,[Ribbon]Ribbon.Root)');
Method('Ribbon','Ribbon.SPRibbon','method instance PollForStateAndUpdateInternal([Ribbon]Ribbon.SPRibbon)');
Type('IL2JS_mscorlib','System.Collections.Generic.Dictionary`2+KeyCollection+Enumerator');
Type('IL2JS_mscorlib','System.Collections.Generic.Dictionary`2+KeyCollection');
Method('IL2JS_mscorlib','System.Collections.Generic.Dictionary`2+KeyCollection','method instance .ctor([IL2JS_mscorlib]System.Collections.Generic.Dictionary`2+KeyCollection<!0,!1>,[IL2JS_mscorlib]System.Collections.Generic.Dictionary`2<!0,!1>)');
Method('IL2JS_mscorlib','System.Collections.Generic.Dictionary`2+KeyCollection+Enumerator','method instance .ctor([IL2JS_mscorlib]$Pointer<[IL2JS_mscorlib]System.Collections.Generic.Dictionary`2+KeyCollection+Enumerator<!0,!1>>,[IL2JS_mscorlib]System.Collections.Generic.Dictionary`2<!0,!1>)');
Method('IL2JS_mscorlib','System.Collections.Generic.Dictionary`2+KeyCollection+Enumerator','method instance MoveNext([IL2JS_mscorlib]$Pointer<[IL2JS_mscorlib]System.Collections.Generic.Dictionary`2+KeyCollection+Enumerator<!0,!1>>):[IL2JS_mscorlib]System.Boolean');
Method('IL2JS_mscorlib','System.Collections.Generic.Dictionary`2+KeyCollection+Enumerator','method instance get_Current([IL2JS_mscorlib]$Pointer<[IL2JS_mscorlib]System.Collections.Generic.Dictionary`2+KeyCollection+Enumerator<!0,!1>>):!0');
Method('Ribbon','Ribbon.Page.PageManager','method instance IsRootCommandEnabled([Ribbon]Ribbon.Page.PageManager,[IL2JS_mscorlib]System.String,[Ribbon]Ribbon.Root):[IL2JS_mscorlib]System.Boolean');
Method('Ribbon','Ribbon.Page.CommandDispatcher','method instance IsCommandEnabled([Ribbon]Ribbon.Page.CommandDispatcher,[IL2JS_mscorlib]System.String):[IL2JS_mscorlib]System.Boolean');
Method('Ribbon','Ribbon.SPRibbon','method instance SetVisibilityForContextualGroup([Ribbon]Ribbon.SPRibbon,[IL2JS_mscorlib]System.String,[IL2JS_mscorlib]System.Boolean)');
Method('Ribbon','Ribbon.Page.CommandDispatcher','method instance CallCommandHandlerForEnabled([Ribbon]Ribbon.Page.CommandDispatcher,[Ribbon]Ribbon.Page.ICommandHandler,[IL2JS_mscorlib]System.String):[IL2JS_mscorlib]System.Boolean');
Method('Ribbon','Ribbon.TestPageComponent','method instance CanHandleCommand([Ribbon]Ribbon.TestPageComponent,[IL2JS_mscorlib]System.String):[IL2JS_mscorlib]System.Boolean');
Method('IL2JS_mscorlib','System.Collections.Generic.Dictionary`2+KeyCollection+Enumerator','method instance Dispose([IL2JS_mscorlib]$Pointer<[IL2JS_mscorlib]System.Collections.Generic.Dictionary`2+KeyCollection+Enumerator<!0,!1>>)');
Method('Ribbon','Ribbon.Tab','method instance PollForStateAndUpdateInternal([Ribbon]Ribbon.Tab)');
Method('Ribbon','Ribbon.Root','method instance PollForCommandStateCore([Ribbon]Ribbon.Root,[IL2JS_mscorlib]System.String,[IL2JS_mscorlib]System.String,[IL2JS_mscorlib]System.Collections.Generic.Dictionary`2<[IL2JS_mscorlib]System.String,[IL2JS_mscorlib]System.String>,[IL2JS_mscorlib]System.Boolean):[IL2JS_mscorlib]System.Int32');
Method('Ribbon','Ribbon.Component','method instance set_Enabled([Ribbon]Ribbon.Component,[IL2JS_mscorlib]System.Boolean)');
Method('Ribbon','Ribbon.Component','method instance get_Enabled([Ribbon]Ribbon.Component):[IL2JS_mscorlib]System.Boolean');
Method('Ribbon','Ribbon.ControlComponent','method instance set_Enabled([Ribbon]Ribbon.ControlComponent,[IL2JS_mscorlib]System.Boolean)');
Method('Ribbon','Ribbon.Control','method instance set_Enabled([Ribbon]Ribbon.Control,[IL2JS_mscorlib]System.Boolean)');
Method('Ribbon','Ribbon.Utility','method static EnableElement([IL2JS_Html]Microsoft.LiveLabs.Html.HtmlElement)');
Method('Ribbon','Ribbon.Component','method instance OnEnabledChanged([Ribbon]Ribbon.Component,[IL2JS_mscorlib]System.Boolean)');
Method('Ribbon','Ribbon.Group','method instance OnEnabledChanged([Ribbon]Ribbon.Group,[IL2JS_mscorlib]System.Boolean)');
Method('Ribbon','Ribbon.Component','method instance PollForStateAndUpdateInternal([Ribbon]Ribbon.Component)');
Method('Ribbon','Ribbon.Group','method instance PollForStateAndUpdateInternal([Ribbon]Ribbon.Group)');
Method('Ribbon','Ribbon.ControlComponent','method instance PollForStateAndUpdateInternal([Ribbon]Ribbon.ControlComponent)');
Method('Ribbon','Ribbon.Controls.SplitButton','method instance PollForStateAndUpdate([Ribbon]Ribbon.Controls.SplitButton)');
Method('Ribbon','Ribbon.Controls.SplitButton','method instance SetTextEnabled([Ribbon]Ribbon.Controls.SplitButton,[IL2JS_mscorlib]System.Boolean)');
Method('Ribbon','Ribbon.Control','method instance PollForStateAndUpdate([Ribbon]Ribbon.Control)');
Method('Ribbon','Ribbon.Control','method instance PollForStateAndUpdateInternal([Ribbon]Ribbon.Control,[IL2JS_mscorlib]System.String,[IL2JS_mscorlib]System.String,[IL2JS_mscorlib]System.Collections.Generic.Dictionary`2<[IL2JS_mscorlib]System.String,[IL2JS_mscorlib]System.String>,[IL2JS_mscorlib]System.Boolean):[IL2JS_mscorlib]System.Boolean');
Method('Ribbon','Ribbon.SPRibbon','method instance EnsureGlobalDisablingRemoved([Ribbon]Ribbon.SPRibbon)');
Method('Ribbon','Ribbon.Page.PageManager','method instance get_Events([Ribbon]Ribbon.Page.PageManager):[IL2JS_mscorlib]System.Collections.Generic.Dictionary`2<[IL2JS_mscorlib]System.String,[IL2JS_mscorlib]System.EventHandler>');
Type('IL2JS_mscorlib','System.EventHandler');
Method('Ribbon','Ribbon.PMetrics','method static PerfReport()');
Method('IL2JS_mscorlib','System.DateTime','method static op_Subtraction([IL2JS_mscorlib]System.DateTime,[IL2JS_mscorlib]System.DateTime):[IL2JS_mscorlib]System.TimeSpan');
Method('IL2JS_mscorlib','System.DateTime','method instance Subtract([IL2JS_mscorlib]$Pointer<[IL2JS_mscorlib]System.DateTime>,[IL2JS_mscorlib]System.DateTime):[IL2JS_mscorlib]System.TimeSpan');
Type('IL2JS_mscorlib','System.TimeSpan');
Method('IL2JS_mscorlib','System.TimeSpan','method static .cctor()');
Method('IL2JS_mscorlib','System.TimeSpan','method instance .ctor([IL2JS_mscorlib]$Pointer<[IL2JS_mscorlib]System.TimeSpan>,[IL2JS_mscorlib]System.Double)');
Method('IL2JS_mscorlib','System.Collections.Generic.List`1','method instance Clear([IL2JS_mscorlib]System.Collections.Generic.List`1<!0>)');
Method('IL2JS_mscorlib','System.Array','method static Clear([IL2JS_mscorlib]System.Array,[IL2JS_mscorlib]System.Int32,[IL2JS_mscorlib]System.Int32)');
Method('Ribbon','Ribbon.Tab','method instance OnTitleClick([Ribbon]Ribbon.Tab,[IL2JS_Html]Microsoft.LiveLabs.Html.HtmlEvent)');
Type('IL2JS_mscorlib','System.Action');
Method('Ribbon','Ribbon.Tab','method instance TitleClickCallback([Ribbon]Ribbon.Tab)');
Method('Ribbon','Ribbon.Root','method instance EnsureCurrentControlStateCommitted([Ribbon]Ribbon.Root)');
Method('Ribbon','Ribbon.Tab','method instance set_Selected([Ribbon]Ribbon.Tab,[IL2JS_mscorlib]System.Boolean)');
Method('Ribbon','Ribbon.RibbonBuilder','method instance DelayInitTab([Ribbon]Ribbon.RibbonBuilder,[Ribbon]Ribbon.Component,[IL2JS_mscorlib]System.Object,[IL2JS_mscorlib]System.Object):[Ribbon]Ribbon.Component');
Method('Ribbon','Ribbon.RibbonBuilder','method instance OnReturnTab([Ribbon]Ribbon.RibbonBuilder,[Ribbon]Ribbon.DataQueryResult)');
Method('Ribbon','Ribbon.Builder','method instance BuildToggleButton([Ribbon]Ribbon.Builder,[IL2JS_mscorlib]System.Object,[Ribbon]Ribbon.BuildContext):[Ribbon]Ribbon.Controls.ToggleButton');
Type('Ribbon','Ribbon.Controls.ToggleButtonProperties');
Type('Ribbon','Ribbon.Controls.BooleanControlProperties');
Method('Ribbon','Ribbon.Controls.ToggleButtonProperties','method instance .ctor([Ribbon]Ribbon.Controls.ToggleButtonProperties,[IL2JS_mscorlib]Microsoft.LiveLabs.JavaScript.Interop.JSContext)');
Method('Ribbon','Ribbon.Controls.BooleanControlProperties','method instance .ctor([Ribbon]Ribbon.Controls.BooleanControlProperties,[IL2JS_mscorlib]Microsoft.LiveLabs.JavaScript.Interop.JSContext)');
Type('Ribbon','Ribbon.Controls.ToggleButton');
Method('Ribbon','Ribbon.Controls.ToggleButton','method instance .ctor([Ribbon]Ribbon.Controls.ToggleButton,[Ribbon]Ribbon.Root,[IL2JS_mscorlib]System.String,[Ribbon]Ribbon.Controls.BooleanControlProperties)');
Method('Ribbon','Ribbon.Controls.ToggleButton','method instance AddDisplayModes([Ribbon]Ribbon.Controls.ToggleButton)');
Method('Ribbon','Ribbon.Control','method instance get_StateProperties([Ribbon]Ribbon.Control):[IL2JS_mscorlib]System.Collections.Generic.Dictionary`2<[IL2JS_mscorlib]System.String,[IL2JS_mscorlib]System.String>');
Method('Ribbon','Ribbon.Builder','method instance BuildLabel([Ribbon]Ribbon.Builder,[IL2JS_mscorlib]System.Object,[Ribbon]Ribbon.BuildContext):[Ribbon]Ribbon.Controls.Label');
Type('Ribbon','Ribbon.Controls.LabelProperties');
Method('Ribbon','Ribbon.Controls.LabelProperties','method instance .ctor([Ribbon]Ribbon.Controls.LabelProperties,[IL2JS_mscorlib]Microsoft.LiveLabs.JavaScript.Interop.JSContext)');
Type('Ribbon','Ribbon.Controls.Label');
Method('Ribbon','Ribbon.Controls.Label','method instance .ctor([Ribbon]Ribbon.Controls.Label,[Ribbon]Ribbon.Root,[IL2JS_mscorlib]System.String,[Ribbon]Ribbon.Controls.LabelProperties)');
Method('Ribbon','Ribbon.Builder','method instance BuildDropDown([Ribbon]Ribbon.Builder,[IL2JS_mscorlib]System.Object,[Ribbon]Ribbon.BuildContext):[Ribbon]Ribbon.Controls.DropDown');
Type('Ribbon','Ribbon.Controls.DropDownProperties');
Method('Ribbon','Ribbon.Controls.DropDownProperties','method instance .ctor([Ribbon]Ribbon.Controls.DropDownProperties,[IL2JS_mscorlib]Microsoft.LiveLabs.JavaScript.Interop.JSContext)');
Type('Ribbon','Ribbon.Controls.DropDown');
Method('Ribbon','Ribbon.Controls.DropDown','method instance .ctor([Ribbon]Ribbon.Controls.DropDown,[Ribbon]Ribbon.Root,[IL2JS_mscorlib]System.String,[Ribbon]Ribbon.Controls.DropDownProperties,[Ribbon]Ribbon.Menu)');
Method('Ribbon','Ribbon.Controls.DropDown','method instance AddDisplayModes([Ribbon]Ribbon.Controls.DropDown)');
Type('Ribbon','Ribbon.Controls.DropDownCommandProperties');
Method('Ribbon','Ribbon.Controls.DropDownCommandProperties','method static .cctor()');
Method('Ribbon','Ribbon.Tab','method instance OnDelayedInitFinished([Ribbon]Ribbon.Tab,[IL2JS_mscorlib]System.Boolean)');
Method('IL2JS_mscorlib','System.String','method instance TrimStart([IL2JS_mscorlib]System.String,[IL2JS_mscorlib]$Array<[IL2JS_mscorlib]System.Char>):[IL2JS_mscorlib]System.String');
Method('Ribbon','Ribbon.Controls.ToggleButton','method instance CreateComponentForDisplayModeInternal([Ribbon]Ribbon.Controls.ToggleButton,[IL2JS_mscorlib]System.String):[Ribbon]Ribbon.ControlComponent');
Method('Ribbon','Ribbon.Controls.ToggleButton','method instance CreateDOMElementForDisplayMode([Ribbon]Ribbon.Controls.ToggleButton,[IL2JS_mscorlib]System.String):[IL2JS_Html]Microsoft.LiveLabs.Html.HtmlElement');
Method('Ribbon','Ribbon.Controls.ToggleButton','method instance CreateDOMElementForDisplayModeCore([Ribbon]Ribbon.Controls.ToggleButton,[IL2JS_mscorlib]System.String,[IL2JS_mscorlib]System.Boolean):[IL2JS_Html]Microsoft.LiveLabs.Html.HtmlElement');
Method('Ribbon','Ribbon.Controls.ToggleButton','method instance get_ControlType([Ribbon]Ribbon.Controls.ToggleButton):[IL2JS_mscorlib]System.String');
Method('Ribbon','Ribbon.Controls.ToggleButton','method instance AttachDOMElementsForDisplayMode([Ribbon]Ribbon.Controls.ToggleButton,[IL2JS_mscorlib]System.String)');
Method('Ribbon','Ribbon.Controls.ToggleButton','method instance AttachEventsForDisplayMode([Ribbon]Ribbon.Controls.ToggleButton,[IL2JS_mscorlib]System.String)');
Method('Ribbon','Ribbon.Controls.ToggleButton','method instance AttachEvents([Ribbon]Ribbon.Controls.ToggleButton,[IL2JS_Html]Microsoft.LiveLabs.Html.HtmlElement,[IL2JS_mscorlib]System.Boolean)');
Method('Ribbon','Ribbon.Controls.ToggleButton','method instance OnStateChanged([Ribbon]Ribbon.Controls.ToggleButton)');
Method('Ribbon','Ribbon.Controls.ToggleButton','method instance SetState([Ribbon]Ribbon.Controls.ToggleButton,[IL2JS_mscorlib]System.Boolean)');
Method('Ribbon','Ribbon.Controls.ToggleButton','method instance OnEnabledChanged([Ribbon]Ribbon.Controls.ToggleButton,[IL2JS_mscorlib]System.Boolean)');
Method('Ribbon','Ribbon.DeclarativeTemplate','method instance CreateSectionFromData([Ribbon]Ribbon.DeclarativeTemplate,[IL2JS_mscorlib]System.Object,[Ribbon]Ribbon.DeclarativeTemplateBuildContext,[Ribbon]Ribbon.Layout,[IL2JS_mscorlib]System.Int32):[Ribbon]Ribbon.Section');
Method('Ribbon','Ribbon.DeclarativeTemplate','method instance HandleRow([Ribbon]Ribbon.DeclarativeTemplate,[Ribbon]Ribbon.Row,[IL2JS_mscorlib]Microsoft.LiveLabs.JavaScript.JSObject,[Ribbon]Ribbon.DeclarativeTemplateBuildContext)');
Method('Ribbon','Ribbon.DeclarativeTemplate','method instance CreateControlComponentFromData([Ribbon]Ribbon.DeclarativeTemplate,[IL2JS_mscorlib]System.Object,[Ribbon]Ribbon.DeclarativeTemplateBuildContext):[Ribbon]Ribbon.ControlComponent');
Method('Ribbon','Ribbon.DeclarativeTemplate','method instance CreateStripFromData([Ribbon]Ribbon.DeclarativeTemplate,[IL2JS_mscorlib]System.Object,[Ribbon]Ribbon.DeclarativeTemplateBuildContext,[Ribbon]Ribbon.Component,[IL2JS_mscorlib]System.Int32):[Ribbon]Ribbon.Strip');
Method('Ribbon','Ribbon.Strip','method instance .ctor([Ribbon]Ribbon.Strip,[Ribbon]Ribbon.SPRibbon,[IL2JS_mscorlib]System.String)');
Method('Ribbon','Ribbon.Controls.ToggleButton','method instance PollForStateAndUpdate([Ribbon]Ribbon.Controls.ToggleButton)');
Method('Ribbon','Ribbon.Root','method instance CloseOpenTootips([Ribbon]Ribbon.Root)');
Method('Ribbon','Ribbon.Controls.Button','method instance HandleMouseFocus([Ribbon]Ribbon.Controls.Button,[IL2JS_Html]Microsoft.LiveLabs.Html.HtmlEvent)');
Method('Ribbon','Ribbon.Control','method instance OnBeginFocus([Ribbon]Ribbon.Control)');
Type('Ribbon','Ribbon.MenuItem');
Method('Ribbon','Ribbon.Controls.Button','method instance HandleMouseBlur([Ribbon]Ribbon.Controls.Button,[IL2JS_Html]Microsoft.LiveLabs.Html.HtmlEvent)');
Method('Ribbon','Ribbon.Control','method instance OnEndFocus([Ribbon]Ribbon.Control)');
Method('Ribbon','Ribbon.Controls.SplitButton','method instance OnButtonFocus([Ribbon]Ribbon.Controls.SplitButton,[IL2JS_Html]Microsoft.LiveLabs.Html.HtmlEvent)');
Method('Ribbon','Ribbon.Controls.SplitButton','method instance OnMouseOver([Ribbon]Ribbon.Controls.SplitButton,[IL2JS_Html]Microsoft.LiveLabs.Html.HtmlEvent)');
Method('Ribbon','Ribbon.Controls.SplitButton','method instance OnButtonBlur([Ribbon]Ribbon.Controls.SplitButton,[IL2JS_Html]Microsoft.LiveLabs.Html.HtmlEvent)');
Method('Ribbon','Ribbon.Controls.SplitButton','method instance OnMouseOut([Ribbon]Ribbon.Controls.SplitButton,[IL2JS_Html]Microsoft.LiveLabs.Html.HtmlEvent)');
Method('Ribbon','Ribbon.Component','method instance PollIfRootPolledSinceLastPoll([Ribbon]Ribbon.Component)');
Method('Ribbon','Ribbon.Controls.SplitButton','method instance HighlightButton([Ribbon]Ribbon.Controls.SplitButton)');
Method('Ribbon','Ribbon.Controls.SplitButton','method instance OnMenuButtonFocus([Ribbon]Ribbon.Controls.SplitButton,[IL2JS_Html]Microsoft.LiveLabs.Html.HtmlEvent)');
Method('Ribbon','Ribbon.Controls.SplitButton','method instance OnMenuButtonBlur([Ribbon]Ribbon.Controls.SplitButton,[IL2JS_Html]Microsoft.LiveLabs.Html.HtmlEvent)');
Method('Ribbon','Ribbon.Controls.SplitButton','method instance HighlightMenuButton([Ribbon]Ribbon.Controls.SplitButton)');
Method('Ribbon','Ribbon.Control','method instance LaunchToolTip([Ribbon]Ribbon.Control)');
Type('Ribbon','Ribbon.ToolTip');
Method('Ribbon','Ribbon.ToolTip','method instance .ctor([Ribbon]Ribbon.ToolTip,[Ribbon]Ribbon.Root,[IL2JS_mscorlib]System.String,[IL2JS_mscorlib]System.String,[IL2JS_mscorlib]System.String,[Ribbon]Ribbon.ControlProperties)');
Method('Ribbon','Ribbon.ControlComponent','method instance EnsureCorrectChildType([Ribbon]Ribbon.ControlComponent,[Ribbon]Ribbon.Component)');
Method('Ribbon','Ribbon.MenuLauncher','method instance EnsureCorrectChildType([Ribbon]Ribbon.MenuLauncher,[Ribbon]Ribbon.Component)');
Method('Ribbon','Ribbon.ToolTip','method instance Display([Ribbon]Ribbon.ToolTip):[IL2JS_mscorlib]System.Boolean');
Method('Ribbon','Ribbon.ToolTip','method instance RefreshInternal([Ribbon]Ribbon.ToolTip)');
Method('Ribbon','Ribbon.ToolTip','method instance get_CssClass([Ribbon]Ribbon.ToolTip):[IL2JS_mscorlib]System.String');
Type('IL2JS_Html','Microsoft.LiveLabs.Html.Heading1');
Type('IL2JS_Html','Microsoft.LiveLabs.Html.Heading');
Method('IL2JS_Html','Microsoft.LiveLabs.Html.Heading1','method instance .ctor([IL2JS_Html]Microsoft.LiveLabs.Html.Heading1)');
Method('IL2JS_Html','Microsoft.LiveLabs.Html.Heading1','method instance .ctor([IL2JS_Html]Microsoft.LiveLabs.Html.Heading1,[IL2JS_mscorlib]Microsoft.LiveLabs.JavaScript.Interop.JSContext)');
Method('IL2JS_Html','Microsoft.LiveLabs.Html.Heading','method instance .ctor([IL2JS_Html]Microsoft.LiveLabs.Html.Heading,[IL2JS_mscorlib]Microsoft.LiveLabs.JavaScript.Interop.JSContext)');
Method('Ribbon','Ribbon.Utility','method static HtmlEncodeAllowSimpleTextFormatting([IL2JS_mscorlib]System.String,[IL2JS_mscorlib]System.Boolean):[IL2JS_mscorlib]System.String');
Method('Ribbon','Ribbon.ToolTip','method instance PositionToolTip([Ribbon]Ribbon.ToolTip)');
Method('Ribbon','Ribbon.Root','method instance GetAllElementDimensions([Ribbon]Ribbon.Root,[IL2JS_Html]Microsoft.LiveLabs.Html.HtmlElement,[IL2JS_Html]Microsoft.LiveLabs.Html.HtmlElement):[IL2JS_mscorlib]System.Collections.Generic.Dictionary`2<[IL2JS_mscorlib]System.String,[IL2JS_mscorlib]System.Int32>');
Method('Ribbon','Ribbon.ControlComponent','method instance get_ComponentTopPosition([Ribbon]Ribbon.ControlComponent):[IL2JS_mscorlib]System.Int32');
Type('Ribbon','Ribbon.UIUtility');
Method('Ribbon','Ribbon.UIUtility','method static CalculateOffsetTop([IL2JS_Html]Microsoft.LiveLabs.Html.HtmlElement):[IL2JS_mscorlib]System.Int32');
Method('Ribbon','Ribbon.Root','method instance get_ComponentTopPosition([Ribbon]Ribbon.Root):[IL2JS_mscorlib]System.Int32');
Method('Ribbon','Ribbon.Component','method instance ValueIsDirty([Ribbon]Ribbon.Component,[IL2JS_mscorlib]System.DateTime):[IL2JS_mscorlib]System.Boolean');
Method('Ribbon','Ribbon.ControlComponent','method instance get_ComponentHeight([Ribbon]Ribbon.ControlComponent):[IL2JS_mscorlib]System.Int32');
Method('Ribbon','Ribbon.Root','method instance get_ComponentHeight([Ribbon]Ribbon.Root):[IL2JS_mscorlib]System.Int32');
Method('Ribbon','Ribbon.Root','method instance SetFlyOutCoordinates([Ribbon]Ribbon.Root,[IL2JS_Html]Microsoft.LiveLabs.Html.HtmlElement,[IL2JS_mscorlib]System.Collections.Generic.Dictionary`2<[IL2JS_mscorlib]System.String,[IL2JS_mscorlib]System.Int32>,[IL2JS_mscorlib]System.Boolean)');
Method('IL2JS_mscorlib','System.String','method static Concat([IL2JS_mscorlib]System.Object,[IL2JS_mscorlib]System.Object):[IL2JS_mscorlib]System.String');
Method('Ribbon','Ribbon.Root','method instance get_TooltipBackFrame([Ribbon]Ribbon.Root):[IL2JS_Html]Microsoft.LiveLabs.Html.IFrame');
Method('Ribbon','Ribbon.Utility','method static CreateHiddenIframeElement():[IL2JS_Html]Microsoft.LiveLabs.Html.IFrame');
Type('IL2JS_Html','Microsoft.LiveLabs.Html.IFrame');
Type('IL2JS_Html','Microsoft.LiveLabs.Html.FrameBase');
Method('IL2JS_Html','Microsoft.LiveLabs.Html.IFrame','method instance .ctor([IL2JS_Html]Microsoft.LiveLabs.Html.IFrame)');
Method('IL2JS_Html','Microsoft.LiveLabs.Html.IFrame','method instance .ctor([IL2JS_Html]Microsoft.LiveLabs.Html.IFrame,[IL2JS_mscorlib]Microsoft.LiveLabs.JavaScript.Interop.JSContext)');
Method('IL2JS_Html','Microsoft.LiveLabs.Html.FrameBase','method instance .ctor([IL2JS_Html]Microsoft.LiveLabs.Html.FrameBase,[IL2JS_mscorlib]Microsoft.LiveLabs.JavaScript.Interop.JSContext)');
Method('Ribbon','Ribbon.Utility','method static PositionBackFrame([IL2JS_Html]Microsoft.LiveLabs.Html.IFrame,[IL2JS_Html]Microsoft.LiveLabs.Html.HtmlElement)');
Method('Ribbon','Ribbon.Component','method instance set_Visible([Ribbon]Ribbon.Component,[IL2JS_mscorlib]System.Boolean)');
Method('Ribbon','Ribbon.Control','method instance OnToolTipOpenned([Ribbon]Ribbon.Control)');
Method('Ribbon','Ribbon.Control','method instance CloseToolTip([Ribbon]Ribbon.Control)');
Method('Ribbon','Ribbon.ToolTip','method instance Hide([Ribbon]Ribbon.ToolTip)');
Method('Ribbon','Ribbon.Control','method instance OnToolTipClosed([Ribbon]Ribbon.Control)');
Method('IL2JS_Html','Microsoft.LiveLabs.Html.Document','method static DetachEvent([IL2JS_Html]Microsoft.LiveLabs.Html.Document,[IL2JS_mscorlib]System.String,[IL2JS_Html]Microsoft.LiveLabs.Html.HtmlEventHandler)');
Method('Ribbon','Ribbon.UIUtility','method static RemoveNode([IL2JS_Html]Microsoft.LiveLabs.Html.HtmlElement)');
Method('Ribbon','Ribbon.Controls.FlyoutAnchor','method instance OnFocus([Ribbon]Ribbon.Controls.FlyoutAnchor,[IL2JS_Html]Microsoft.LiveLabs.Html.HtmlEvent)');
Method('Ribbon','Ribbon.Controls.FlyoutAnchor','method instance OnBlur([Ribbon]Ribbon.Controls.FlyoutAnchor,[IL2JS_Html]Microsoft.LiveLabs.Html.HtmlEvent)');
Method('Ribbon','Ribbon.Controls.FlyoutAnchor','method instance RemoveHighlight([Ribbon]Ribbon.Controls.FlyoutAnchor)');
Method('Ribbon','Ribbon.Control','method instance EnsureCorrectChildType([Ribbon]Ribbon.Control,[Ribbon]Ribbon.Component)');
