Assembly('HelloBrowser');
Type('HelloBrowser','HelloBrowser.HelloBrowserPage');
Assembly('IL2JS_Html');
Type('IL2JS_Html','Microsoft.LiveLabs.Html.Page');
Assembly('IL2JS_mscorlib');
Type('IL2JS_mscorlib','System.Object');
Method('HelloBrowser','HelloBrowser.HelloBrowserPage','method static Run()');
Method('HelloBrowser','HelloBrowser.HelloBrowserPage','method instance .ctor([HelloBrowser]HelloBrowser.HelloBrowserPage)');
Type('IL2JS_Html','Microsoft.LiveLabs.Html.HtmlElement');
Type('IL2JS_Html','Microsoft.LiveLabs.Html.DomNode');
Type('IL2JS_mscorlib','System.String');
Method('IL2JS_mscorlib','System.String','method static .cctor()');
Type('IL2JS_mscorlib','System.Char');
Type('IL2JS_mscorlib','System.ValueType');
Type('IL2JS_mscorlib','$Array');
Type('IL2JS_mscorlib','System.Array');
Type('IL2JS_Html','Microsoft.LiveLabs.Html.Document');
Type('IL2JS_mscorlib','System.Action');
Type('IL2JS_mscorlib','System.MulticastDelegate');
Type('IL2JS_mscorlib','System.Delegate');
Type('IL2JS_Html','Microsoft.LiveLabs.Html.DocumentExtensions');
Method('IL2JS_Html','Microsoft.LiveLabs.Html.Page','method instance .ctor([IL2JS_Html]Microsoft.LiveLabs.Html.Page)');
Type('IL2JS_Html','Microsoft.LiveLabs.Html.Button');
Method('IL2JS_Html','Microsoft.LiveLabs.Html.Button','method instance .ctor([IL2JS_Html]Microsoft.LiveLabs.Html.Button)');
Method('IL2JS_Html','Microsoft.LiveLabs.Html.Button','method instance .ctor([IL2JS_Html]Microsoft.LiveLabs.Html.Button,[IL2JS_mscorlib]Microsoft.LiveLabs.JavaScript.Interop.JSContext)');
Method('IL2JS_Html','Microsoft.LiveLabs.Html.HtmlElement','method instance .ctor([IL2JS_Html]Microsoft.LiveLabs.Html.HtmlElement,[IL2JS_mscorlib]Microsoft.LiveLabs.JavaScript.Interop.JSContext)');
Method('IL2JS_Html','Microsoft.LiveLabs.Html.DomNode','method instance .ctor([IL2JS_Html]Microsoft.LiveLabs.Html.DomNode,[IL2JS_mscorlib]Microsoft.LiveLabs.JavaScript.Interop.JSContext)');
Type('IL2JS_Html','Microsoft.LiveLabs.Html.HtmlEventHandler');
Method('IL2JS_Html','Microsoft.LiveLabs.Html.HtmlElement','method static AttachEvent([IL2JS_Html]Microsoft.LiveLabs.Html.HtmlElement,[IL2JS_mscorlib]System.String,[IL2JS_Html]Microsoft.LiveLabs.Html.HtmlEventHandler)');
Type('IL2JS_Html','Microsoft.LiveLabs.Html.HtmlEvent');
Type('IL2JS_Html','Microsoft.LiveLabs.Html.Body');
Method('IL2JS_Html','Microsoft.LiveLabs.Html.Body','method instance .ctor([IL2JS_Html]Microsoft.LiveLabs.Html.Body,[IL2JS_mscorlib]Microsoft.LiveLabs.JavaScript.Interop.JSContext)');
Method('IL2JS_Html','Microsoft.LiveLabs.Html.Document','method instance .ctor([IL2JS_Html]Microsoft.LiveLabs.Html.Document,[IL2JS_mscorlib]Microsoft.LiveLabs.JavaScript.Interop.JSContext)');
Method('IL2JS_Html','Microsoft.LiveLabs.Html.DocumentExtensions','method static IncludeScriptsFrom([IL2JS_Html]Microsoft.LiveLabs.Html.Document,[IL2JS_mscorlib]System.Action,[IL2JS_mscorlib]System.Int32,[IL2JS_mscorlib]$Array<[IL2JS_mscorlib]System.String>)');
Type('IL2JS_Html','Microsoft.LiveLabs.Html.Script');
Type('IL2JS_Html','Microsoft.LiveLabs.Html.DocumentExtensions+<>c__DisplayClass4');
Method('IL2JS_Html','Microsoft.LiveLabs.Html.DocumentExtensions+<>c__DisplayClass4','method instance .ctor([IL2JS_Html]Microsoft.LiveLabs.Html.DocumentExtensions+<>c__DisplayClass4)');
Type('IL2JS_Html','Microsoft.LiveLabs.Html.DocumentExtensions+<>c__DisplayClass6');
Method('IL2JS_Html','Microsoft.LiveLabs.Html.DocumentExtensions+<>c__DisplayClass6','method instance .ctor([IL2JS_Html]Microsoft.LiveLabs.Html.DocumentExtensions+<>c__DisplayClass6)');
Method('IL2JS_Html','Microsoft.LiveLabs.Html.DocumentExtensions','method static Head([IL2JS_Html]Microsoft.LiveLabs.Html.Document):[IL2JS_Html]Microsoft.LiveLabs.Html.Head');
Type('IL2JS_Html','Microsoft.LiveLabs.Html.HtmlElementCollection');
Method('IL2JS_Html','Microsoft.LiveLabs.Html.HtmlElementCollection','method instance .ctor([IL2JS_Html]Microsoft.LiveLabs.Html.HtmlElementCollection,[IL2JS_mscorlib]Microsoft.LiveLabs.JavaScript.Interop.JSContext)');
Type('IL2JS_mscorlib','System.Int32');
Type('IL2JS_Html','Microsoft.LiveLabs.Html.Head');
Method('IL2JS_Html','Microsoft.LiveLabs.Html.Head','method instance .ctor([IL2JS_Html]Microsoft.LiveLabs.Html.Head,[IL2JS_mscorlib]Microsoft.LiveLabs.JavaScript.Interop.JSContext)');
Method('IL2JS_Html','Microsoft.LiveLabs.Html.Script','method instance .ctor([IL2JS_Html]Microsoft.LiveLabs.Html.Script)');
Method('IL2JS_Html','Microsoft.LiveLabs.Html.Script','method instance .ctor([IL2JS_Html]Microsoft.LiveLabs.Html.Script,[IL2JS_mscorlib]Microsoft.LiveLabs.JavaScript.Interop.JSContext)');
Method('IL2JS_Html','Microsoft.LiveLabs.Html.HtmlEvent','method instance .ctor([IL2JS_Html]Microsoft.LiveLabs.Html.HtmlEvent,[IL2JS_mscorlib]Microsoft.LiveLabs.JavaScript.Interop.JSContext)');
Method('IL2JS_Html','Microsoft.LiveLabs.Html.DocumentExtensions+<>c__DisplayClass6','method instance <IncludeScriptsFrom>b__2([IL2JS_Html]Microsoft.LiveLabs.Html.DocumentExtensions+<>c__DisplayClass6,[IL2JS_Html]Microsoft.LiveLabs.Html.HtmlEvent)');
Method('IL2JS_mscorlib','System.String','method instance Equals([IL2JS_mscorlib]System.String,[IL2JS_mscorlib]System.String):[IL2JS_mscorlib]System.Boolean');
Type('IL2JS_mscorlib','System.Boolean');
Method('IL2JS_mscorlib','System.Boolean','method static .cctor()');
Method('HelloBrowser','HelloBrowser.HelloBrowserPage','method static ExampleLoaded()');
Type('HelloBrowser','HelloBrowser.HelloBrowserPage+<>c__DisplayClass9');
Method('HelloBrowser','HelloBrowser.HelloBrowserPage+<>c__DisplayClass9','method instance .ctor([HelloBrowser]HelloBrowser.HelloBrowserPage+<>c__DisplayClass9)');
Type('IL2JS_mscorlib','System.Collections.Generic.Dictionary`2');
Method('IL2JS_mscorlib','System.Collections.Generic.Dictionary`2','method static .cctor()');
Type('IL2JS_mscorlib','System.Runtime.CompilerServices.RuntimeHelpers');
Type('IL2JS_mscorlib','<PrivateImplementationDetails>');
Type('IL2JS_mscorlib','<PrivateImplementationDetails>+__StaticArrayInitTypeSize=124');
Type('IL2JS_mscorlib','System.Reflection.FieldInfo');
Type('IL2JS_mscorlib','System.Reflection.MemberInfo');
Type('IL2JS_mscorlib','System.Type');
Method('IL2JS_mscorlib','System.Type','method static .cctor()');
Type('IL2JS_mscorlib','System.RuntimeTypeHandle');
Type('IL2JS_mscorlib','System.Enum');
Method('IL2JS_mscorlib','System.Type','method instance .ctor([IL2JS_mscorlib]System.Type,[IL2JS_mscorlib]Microsoft.LiveLabs.JavaScript.Interop.JSContext)');
Method('IL2JS_mscorlib','System.Reflection.MemberInfo','method instance .ctor([IL2JS_mscorlib]System.Reflection.MemberInfo)');
Method('IL2JS_mscorlib','System.Reflection.FieldInfo','method instance .ctor([IL2JS_mscorlib]System.Reflection.FieldInfo,[IL2JS_mscorlib]System.Type,[IL2JS_mscorlib]System.Boolean,[IL2JS_mscorlib]System.Boolean,[IL2JS_mscorlib]System.String,[IL2JS_mscorlib]System.Type,[IL2JS_mscorlib]$Array<[IL2JS_mscorlib]System.Int32>)');
Method('IL2JS_mscorlib','System.Runtime.CompilerServices.RuntimeHelpers','method static InitializeArray([IL2JS_mscorlib]System.Array,[IL2JS_mscorlib]System.RuntimeFieldHandle)');
Method('IL2JS_mscorlib','System.Collections.Generic.Dictionary`2','method instance .ctor([IL2JS_mscorlib]System.Collections.Generic.Dictionary`2<!0,!1>)');
Method('IL2JS_mscorlib','System.Collections.Generic.Dictionary`2','method instance SetupDirect([IL2JS_mscorlib]System.Collections.Generic.Dictionary`2<!0,!1>)');
Method('IL2JS_mscorlib','System.Collections.Generic.Dictionary`2','method instance Add([IL2JS_mscorlib]System.Collections.Generic.Dictionary`2<!0,!1>,!0,!1)');
Assembly('IL2JS_System.Core');
Type('IL2JS_System.Core','System.Func`2');
Method('HelloBrowser','HelloBrowser.HelloBrowserPage','method instance JQueryLoaded([HelloBrowser]HelloBrowser.HelloBrowserPage)');
Type('IL2JS_Html','Microsoft.LiveLabs.Html.Div');
Type('IL2JS_Html','Microsoft.LiveLabs.Html.Image');
Type('HelloBrowser','HelloBrowser.JQueryCallback');
Method('IL2JS_Html','Microsoft.LiveLabs.Html.Div','method instance .ctor([IL2JS_Html]Microsoft.LiveLabs.Html.Div)');
Method('IL2JS_Html','Microsoft.LiveLabs.Html.Div','method instance .ctor([IL2JS_Html]Microsoft.LiveLabs.Html.Div,[IL2JS_mscorlib]Microsoft.LiveLabs.JavaScript.Interop.JSContext)');
Method('IL2JS_Html','Microsoft.LiveLabs.Html.Image','method instance .ctor([IL2JS_Html]Microsoft.LiveLabs.Html.Image)');
Method('IL2JS_Html','Microsoft.LiveLabs.Html.Image','method instance .ctor([IL2JS_Html]Microsoft.LiveLabs.Html.Image,[IL2JS_mscorlib]Microsoft.LiveLabs.JavaScript.Interop.JSContext)');
Type('HelloBrowser','HelloBrowser.JQuery');
Method('HelloBrowser','HelloBrowser.JQuery','method instance .ctor([HelloBrowser]HelloBrowser.JQuery,[IL2JS_mscorlib]Microsoft.LiveLabs.JavaScript.Interop.JSContext)');
Method('HelloBrowser','HelloBrowser.HelloBrowserPage','method static <JQueryLoaded>b__13([IL2JS_Html]Microsoft.LiveLabs.Html.DomNode)');
Type('HelloBrowser','HelloBrowser.JQueryStyle');
Type('HelloBrowser','HelloBrowser.AnimateOptions');
Type('HelloBrowser','HelloBrowser.JQueryForeach`1');
Method('HelloBrowser','HelloBrowser.HelloBrowserPage','method static <JQueryLoaded>b__14([IL2JS_Html]Microsoft.LiveLabs.Html.Div,[IL2JS_mscorlib]System.Int32):[IL2JS_mscorlib]System.Boolean');
Method('HelloBrowser','HelloBrowser.JQueryStyle','method instance .ctor([HelloBrowser]HelloBrowser.JQueryStyle)');
Method('HelloBrowser','HelloBrowser.JQueryStyle','method instance .ctor([HelloBrowser]HelloBrowser.JQueryStyle,[IL2JS_mscorlib]Microsoft.LiveLabs.JavaScript.Interop.JSContext)');
Method('IL2JS_mscorlib','System.String','method static Concat([IL2JS_mscorlib]System.Object,[IL2JS_mscorlib]System.Object):[IL2JS_mscorlib]System.String');
Method('IL2JS_mscorlib','System.Int32','method instance ToString([IL2JS_mscorlib]$Pointer<[IL2JS_mscorlib]System.Int32>):[IL2JS_mscorlib]System.String');
Method('IL2JS_mscorlib','System.String','method instance ToString([IL2JS_mscorlib]System.String):[IL2JS_mscorlib]System.String');
Method('IL2JS_mscorlib','System.String','method static Concat([IL2JS_mscorlib]System.String,[IL2JS_mscorlib]System.String):[IL2JS_mscorlib]System.String');
Method('IL2JS_mscorlib','System.String','method static IsNullOrEmpty([IL2JS_mscorlib]System.String):[IL2JS_mscorlib]System.Boolean');
Type('IL2JS_mscorlib','System.Double');
Method('HelloBrowser','HelloBrowser.AnimateOptions','method instance .ctor([HelloBrowser]HelloBrowser.AnimateOptions)');
Method('HelloBrowser','HelloBrowser.HelloBrowserPage','method static <JQueryLoaded>b__15([IL2JS_Html]Microsoft.LiveLabs.Html.DomNode)');
Method('HelloBrowser','HelloBrowser.HelloBrowserPage','method static <JQueryLoaded>b__16([IL2JS_Html]Microsoft.LiveLabs.Html.Div,[IL2JS_mscorlib]System.Int32):[IL2JS_mscorlib]System.Boolean');
Method('HelloBrowser','HelloBrowser.HelloBrowserPage+<>c__DisplayClass9','method instance <ExampleLoaded>b__8([HelloBrowser]HelloBrowser.HelloBrowserPage+<>c__DisplayClass9,[IL2JS_Html]Microsoft.LiveLabs.Html.HtmlEvent)');
Type('HelloBrowser','HelloBrowser.Person');
Type('HelloBrowser','HelloBrowser.City');
Method('HelloBrowser','HelloBrowser.HelloBrowserPage+<>c__DisplayClass9','method instance <ExampleLoaded>b__7([HelloBrowser]HelloBrowser.HelloBrowserPage+<>c__DisplayClass9,[IL2JS_mscorlib]System.String):[IL2JS_mscorlib]System.Int32');
Method('IL2JS_mscorlib','System.Collections.Generic.Dictionary`2','method instance get_Item([IL2JS_mscorlib]System.Collections.Generic.Dictionary`2<!0,!1>,!0):!1');
Method('HelloBrowser','HelloBrowser.City','method instance .ctor([HelloBrowser]HelloBrowser.City,[IL2JS_mscorlib]Microsoft.LiveLabs.JavaScript.Interop.JSContext)');
Method('HelloBrowser','HelloBrowser.Person','method instance .ctor([HelloBrowser]HelloBrowser.Person)');
Method('HelloBrowser','HelloBrowser.Person','method instance set_Name([HelloBrowser]HelloBrowser.Person,[IL2JS_mscorlib]System.String)');
Method('HelloBrowser','HelloBrowser.Person','method instance set_City([HelloBrowser]HelloBrowser.Person,[HelloBrowser]HelloBrowser.City)');
Method('HelloBrowser','HelloBrowser.Person','method instance Render([HelloBrowser]HelloBrowser.Person,[IL2JS_Html]Microsoft.LiveLabs.Html.HtmlElement)');
Type('IL2JS_Html','Microsoft.LiveLabs.Html.Span');
Method('IL2JS_Html','Microsoft.LiveLabs.Html.Span','method instance .ctor([IL2JS_Html]Microsoft.LiveLabs.Html.Span)');
Method('IL2JS_Html','Microsoft.LiveLabs.Html.Span','method instance .ctor([IL2JS_Html]Microsoft.LiveLabs.Html.Span,[IL2JS_mscorlib]Microsoft.LiveLabs.JavaScript.Interop.JSContext)');
Method('HelloBrowser','HelloBrowser.Person','method instance get_Name([HelloBrowser]HelloBrowser.Person):[IL2JS_mscorlib]System.String');
Method('HelloBrowser','HelloBrowser.Person','method instance get_City([HelloBrowser]HelloBrowser.Person):[HelloBrowser]HelloBrowser.City');
Method('HelloBrowser','HelloBrowser.City','method instance Render([HelloBrowser]HelloBrowser.City,[IL2JS_Html]Microsoft.LiveLabs.Html.HtmlElement)');
Method('HelloBrowser','HelloBrowser.HelloBrowserPage','method static <.ctor>b__2([IL2JS_Html]Microsoft.LiveLabs.Html.HtmlEvent)');